Mplus VERSION 7
MUTHEN & MUTHEN
12/30/2018  11:01 PM

INPUT INSTRUCTIONS

  Title:
  Analyse en Classes Latentes FOP Bi-ESEM

  Data:
  File is Bi_ESEM_Fscores.dat ;

  Variable:
  Names are
  PE13 PE14 PE16 PE19 PE17 PE18 PE20
  FLUX2 FLUX5 FLUX6 FLUX7 FLUX8
  AD3 AD4 AD5 AD6 AD8
  EFP5 EFP6 EFP7 EFP8
  UF2 UF3 UF4 UF6
  ID
  FOP FOP_SE
  POSEM POSEM_SE
  NEGEM NEGEM_SE
  FLOW FLOW_SE
  SELFDET SELF_SE
  PERSEFF PERS_SE
  STRENGTH STR_SE ;

  Idvariable is ID;
  Missing are all * ;

  Usevariables are
  FOP POSEM NEGEM FLOW SELFDET PERSEFF STRENGTH ;

  Classes are CL_FOP(2);

  Analysis:
  Estimator is MLR ;
  Type is Mixture ;
  Processors are 14 ;
  Starts is 1000 200 ;
  Lrtstarts is 0 0 500 100 ;

  Model:

  %overall%
  FOP POSEM NEGEM FLOW SELFDET PERSEFF STRENGTH ;
  [FOP POSEM NEGEM FLOW SELFDET PERSEFF STRENGTH] ;

  %CL_FOP#1%
  FOP POSEM NEGEM FLOW SELFDET PERSEFF STRENGTH ;
  [FOP POSEM NEGEM FLOW SELFDET PERSEFF STRENGTH] ;

  %CL_FOP#2%
  FOP POSEM NEGEM FLOW SELFDET PERSEFF STRENGTH ;
  [FOP POSEM NEGEM FLOW SELFDET PERSEFF STRENGTH] ;

  Output:
  Sampstat stdyx ;
  Tech11 ;
  Tech14;

  Plot:
  Type=plot3;
  Series= FOP(*) POSEM(*) NEGEM(*) FLOW(*) SELFDET(*) PERSEFF(*) STRENGTH(*) ;

  Savedata:
  !File is Bi_ESEM_FOP_2cl_free.dat;
  !Format is FREE ;
  !Save is cprobabilities;



*** WARNING in MODEL command
  All variables are uncorrelated with all other variables within class.
  Check that this is what is intended.
   1 WARNING(S) FOUND IN THE INPUT INSTRUCTIONS




Analyse en Classes Latentes FOP Bi-ESEM

SUMMARY OF ANALYSIS

Number of groups                                                 1
Number of observations                                        1066

Number of dependent variables                                    7
Number of independent variables                                  0
Number of continuous latent variables                            0
Number of categorical latent variables                           1

Observed dependent variables

  Continuous
   FOP         POSEM       NEGEM       FLOW        SELFDET     PERSEFF
   STRENGTH

Categorical latent variables
   CL_FOP

Variables with special functions

  ID variable           ID

Estimator                                                      MLR
Information matrix                                        OBSERVED
Optimization Specifications for the Quasi-Newton Algorithm for
Continuous Outcomes
  Maximum number of iterations                                 100
  Convergence criterion                                  0.100D-05
Optimization Specifications for the EM Algorithm
  Maximum number of iterations                                 500
  Convergence criteria
    Loglikelihood change                                 0.100D-06
    Relative loglikelihood change                        0.100D-06
    Derivative                                           0.100D-05
Optimization Specifications for the M step of the EM Algorithm for
Categorical Latent variables
  Number of M step iterations                                    1
  M step convergence criterion                           0.100D-05
  Basis for M step termination                           ITERATION
Optimization Specifications for the M step of the EM Algorithm for
Censored, Binary or Ordered Categorical (Ordinal), Unordered
Categorical (Nominal) and Count Outcomes
  Number of M step iterations                                    1
  M step convergence criterion                           0.100D-05
  Basis for M step termination                           ITERATION
  Maximum value for logit thresholds                            15
  Minimum value for logit thresholds                           -15
  Minimum expected cell size for chi-square              0.100D-01
Maximum number of iterations for H1                           2000
Convergence criterion for H1                             0.100D-03
Optimization algorithm                                         EMA
Random Starts Specifications
  Number of initial stage random starts                       1000
  Number of final stage optimizations                          200
  Number of initial stage iterations                            10
  Initial stage convergence criterion                    0.100D+01
  Random starts scale                                    0.500D+01
  Random seed for generating random starts                       0

Input data file(s)
  Bi_ESEM_Fscores.dat
Input data format  FREE


SUMMARY OF DATA

     Number of missing data patterns             1
     Number of y missing data patterns           1
     Number of u missing data patterns           0


COVARIANCE COVERAGE OF DATA

Minimum covariance coverage value   0.100


     PROPORTION OF DATA PRESENT FOR Y


           Covariance Coverage
              FOP           POSEM         NEGEM         FLOW          SELFDET
              ________      ________      ________      ________      ________
 FOP            1.000
 POSEM          1.000         1.000
 NEGEM          1.000         1.000         1.000
 FLOW           1.000         1.000         1.000         1.000
 SELFDET        1.000         1.000         1.000         1.000         1.000
 PERSEFF        1.000         1.000         1.000         1.000         1.000
 STRENGTH       1.000         1.000         1.000         1.000         1.000


           Covariance Coverage
              PERSEFF       STRENGTH
              ________      ________
 PERSEFF        1.000
 STRENGTH       1.000         1.000


SAMPLE STATISTICS


     ESTIMATED SAMPLE STATISTICS


           Means
              FOP           POSEM         NEGEM         FLOW          SELFDET
              ________      ________      ________      ________      ________
 1              0.000         0.000         0.000         0.000         0.000


           Means
              PERSEFF       STRENGTH
              ________      ________
 1              0.000         0.000


           Covariances
              FOP           POSEM         NEGEM         FLOW          SELFDET
              ________      ________      ________      ________      ________
 FOP            0.933
 POSEM          0.018         0.752
 NEGEM         -0.015        -0.024         0.844
 FLOW           0.037         0.044         0.010         0.777
 SELFDET        0.049        -0.019         0.000        -0.043         0.730
 PERSEFF        0.028         0.005        -0.002        -0.003        -0.026
 STRENGTH       0.022        -0.013         0.020        -0.007        -0.019


           Covariances
              PERSEFF       STRENGTH
              ________      ________
 PERSEFF        0.811
 STRENGTH       0.050         0.704


           Correlations
              FOP           POSEM         NEGEM         FLOW          SELFDET
              ________      ________      ________      ________      ________
 FOP            1.000
 POSEM          0.022         1.000
 NEGEM         -0.017        -0.030         1.000
 FLOW           0.044         0.058         0.012         1.000
 SELFDET        0.060        -0.025         0.000        -0.058         1.000
 PERSEFF        0.033         0.006        -0.002        -0.003        -0.034
 STRENGTH       0.027        -0.018         0.026        -0.009        -0.027


           Correlations
              PERSEFF       STRENGTH
              ________      ________
 PERSEFF        1.000
 STRENGTH       0.067         1.000


     MAXIMUM LOG-LIKELIHOOD VALUE FOR THE UNRESTRICTED (H1) MODEL IS -9695.198

RANDOM STARTS RESULTS RANKED FROM THE BEST TO THE WORST LOGLIKELIHOOD VALUES


21 perturbed starting value run(s) did not converge.
Final stage loglikelihood values at local maxima, seeds, and initial stage start numbers:

           -9276.326  339073           841
           -9276.326  72344            897
           -9276.326  3607             873
           -9276.326  21132            351
           -9276.326  376411           473
           -9276.326  213189           605
           -9276.326  282464           283
           -9276.326  327475           518
           -9276.326  320494           465
           -9276.326  782200           84
           -9276.326  453915           975
           -9276.326  848890           95
           -9276.326  136842           58
           -9276.326  699810           571
           -9276.326  804104           566
           -9276.326  22362            365
           -9276.326  781489           627
           -9276.326  408713           450
           -9276.326  860029           760
           -9276.326  39136            226
           -9276.326  57226            208
           -9276.326  689529           516
           -9276.326  535303           923
           -9276.326  928287           197
           -9276.326  685268           596
           -9276.326  702492           718
           -9276.326  539389           544
           -9276.326  150531           154
           -9276.326  668003           647
           -9276.326  39810            966
           -9276.326  640833           434
           -9276.326  399508           415
           -9276.326  373505           88
           -9276.326  830529           279
           -9276.326  312754           562
           -9276.326  366533           484
           -9276.326  393232           152
           -9276.326  200041           810
           -9276.326  923437           398
           -9276.326  648555           113
           -9276.326  462228           298
           -9276.326  999211           628
           -9276.326  965639           463
           -9276.326  130541           896
           -9276.326  637345           19
           -9276.326  68985            17
           -9276.326  978781           497
           -9276.326  413564           535
           -9276.326  266038           672
           -9276.326  879338           309
           -9276.326  440368           797
           -9276.326  648035           836
           -9276.326  123985           248
           -9276.326  415931           10
           -9276.326  157351           579
           -9276.326  610181           711
           -9276.326  673496           218
           -9276.326  unperturbed      0
           -9276.326  696830           668
           -9276.326  156536           245
           -9276.326  566687           597
           -9276.326  657994           788
           -9276.326  14262            781
           -9276.326  544009           842
           -9276.326  622173           992
           -9276.326  448829           938
           -9276.326  298275           418
           -9276.326  462662           872
           -9276.326  958107           790
           -9276.326  207896           25
           -9276.326  94610            884
           -9276.326  643311           888
           -9276.326  422103           62
           -9276.326  957392           79
           -9276.326  434915           552
           -9276.326  185071           370
           -9276.326  509733           130
           -9276.326  804616           868
           -9276.326  876943           650
           -9276.326  65952            933
           -9276.326  507154           387
           -9276.326  843555           952
           -9276.326  11397            944
           -9276.326  212934           568
           -9276.326  831410           567
           -9276.326  243346           930
           -9276.326  180889           920
           -9276.326  106561           686
           -9276.326  942848           852
           -9276.326  566739           575
           -9276.326  42523            730
           -9276.326  25127            107
           -9276.326  995648           936
           -9276.326  228459           947
           -9276.326  801065           393
           -9276.326  512836           289
           -9276.326  995249           525
           -9276.326  369602           146
           -9276.326  830292           527
           -9276.326  552272           654
           -9276.326  805768           879
           -9276.326  414284           158
           -9276.326  76974            16
           -9276.326  674171           195
           -9276.326  996231           310
           -9276.326  342019           301
           -9276.326  62835            642
           -9276.326  23012            352
           -9276.326  392751           480
           -9276.326  276102           599
           -9276.326  321390           133
           -9276.326  742609           531
           -9276.326  545140           278
           -9276.326  520865           763
           -9276.326  354208           196
           -9276.326  754100           56
           -9276.326  857799           315
           -9276.326  972873           157
           -9276.326  348637           749
           -9276.326  85734            411
           -9276.326  551639           55
           -9276.326  616917           261
           -9276.326  197223           332
           -9276.326  953843           651
           -9276.326  940533           764
           -9276.326  266340           683
           -9276.326  807534           850
           -9276.326  724087           925
           -9276.326  138695           783
           -9276.326  797594           234
           -9276.326  440841           118
           -9276.326  43523            297
           -9276.326  35191            703
           -9276.326  748692           204
           -9276.326  63231            935
           -9276.326  761302           744
           -9276.326  466971           109
           -9276.326  319575           499
           -9276.326  582296           452
           -9276.326  954354           840
           -9276.326  669634           335
           -9276.326  79945            395
           -9276.326  315029           471
           -9276.326  292884           103
           -9276.326  224950           455
           -9276.326  691041           590
           -9276.326  260601           36
           -9276.326  618000           190
           -9276.326  69413            472
           -9276.326  596257           405
           -9276.326  903420           5
           -9276.326  942358           644
           -9276.326  267983           228
           -9276.326  179022           687
           -9276.326  608460           244
           -9276.326  590834           785
           -9276.326  563002           360
           -9276.326  968846           970
           -9276.326  227563           63
           -9276.326  319144           176
           -9276.326  281462           285
           -9276.326  175199           247
           -9276.326  963967           941
           -9276.326  992389           77
           -9276.326  792389           746
           -9276.326  772131           407
           -9276.326  777492           972
           -9276.326  232559           136
           -9276.326  468036           131
           -9276.326  404426           344
           -9276.326  941975           816
           -9276.326  391368           802
           -9276.326  252949           487
           -9276.326  177936           726
           -9276.326  264901           634
           -9276.326  760599           832
           -9276.326  443442           380
           -9276.326  1548             384
           -9276.326  314757           345
           -9276.326  850840           232
           -9276.326  314084           81
           -9276.326  688839           273
           -9276.326  384199           882
           -9276.326  574942           558
           -9276.326  265218           924
           -9276.326  742688           594
           -9276.326  118438           601
           -9276.326  580181           691
           -9276.326  30098            209
           -9276.326  220492           743
           -9276.326  88437            761
           -9276.326  686384           690
           -9276.326  496344           808
           -9276.326  606576           151
           -9276.326  117391           710
           -9276.326  481835           57
           -9276.326  850112           922
           -9276.326  329127           185
           -9276.326  967902           52
           -9276.326  614009           317



THE BEST LOGLIKELIHOOD VALUE HAS BEEN REPLICATED.  RERUN WITH AT LEAST TWICE THE
RANDOM STARTS TO CHECK THAT THE BEST LOGLIKELIHOOD IS STILL OBTAINED AND REPLICATED.


THE MODEL ESTIMATION TERMINATED NORMALLY



MODEL FIT INFORMATION

Number of Free Parameters                       29

Loglikelihood

          H0 Value                       -9276.326
          H0 Scaling Correction Factor      1.1546
            for MLR

Information Criteria

          Akaike (AIC)                   18610.651
          Bayesian (BIC)                 18754.830
          Sample-Size Adjusted BIC       18662.721
            (n* = (n + 2) / 24)



FINAL CLASS COUNTS AND PROPORTIONS FOR THE LATENT CLASSES
BASED ON THE ESTIMATED MODEL

    Latent
   Classes

       1        562.90122          0.52805
       2        503.09878          0.47195


FINAL CLASS COUNTS AND PROPORTIONS FOR THE LATENT CLASS PATTERNS
BASED ON ESTIMATED POSTERIOR PROBABILITIES

    Latent
   Classes

       1        562.90122          0.52805
       2        503.09878          0.47195


CLASSIFICATION QUALITY

     Entropy                         0.660


CLASSIFICATION OF INDIVIDUALS BASED ON THEIR MOST LIKELY LATENT CLASS MEMBERSHIP

Class Counts and Proportions

    Latent
   Classes

       1              548          0.51407
       2              518          0.48593


Average Latent Class Probabilities for Most Likely Latent Class Membership (Row)
by Latent Class (Column)

           1        2

    1   0.918    0.082
    2   0.116    0.884


MODEL RESULTS

                                                    Two-Tailed
                    Estimate       S.E.  Est./S.E.    P-Value

Latent Class 1

 Means
    FOP               -0.464      0.062     -7.488      0.000
    POSEM             -0.102      0.046     -2.196      0.028
    NEGEM              0.246      0.051      4.827      0.000
    FLOW              -0.029      0.048     -0.606      0.545
    SELFDET           -0.177      0.052     -3.417      0.001
    PERSEFF            0.026      0.050      0.520      0.603
    STRENGTH           0.061      0.046      1.338      0.181

 Variances
    FOP                0.958      0.069     13.867      0.000
    POSEM              1.062      0.074     14.393      0.000
    NEGEM              1.213      0.069     17.663      0.000
    FLOW               1.208      0.105     11.506      0.000
    SELFDET            1.091      0.096     11.359      0.000
    PERSEFF            1.221      0.104     11.696      0.000
    STRENGTH           1.048      0.094     11.108      0.000

Latent Class 2

 Means
    FOP                0.519      0.057      9.162      0.000
    POSEM              0.114      0.040      2.870      0.004
    NEGEM             -0.275      0.056     -4.927      0.000
    FLOW               0.033      0.029      1.122      0.262
    SELFDET            0.198      0.030      6.536      0.000
    PERSEFF           -0.029      0.033     -0.893      0.372
    STRENGTH          -0.069      0.029     -2.360      0.018

 Variances
    FOP                0.395      0.037     10.656      0.000
    POSEM              0.381      0.041      9.186      0.000
    NEGEM              0.287      0.066      4.362      0.000
    FLOW               0.292      0.026     11.049      0.000
    SELFDET            0.252      0.026      9.615      0.000
    PERSEFF            0.352      0.035      9.945      0.000
    STRENGTH           0.310      0.024     12.724      0.000

Categorical Latent Variables

 Means
    CL_FOP#1           0.112      0.170      0.661      0.509


STANDARDIZED MODEL RESULTS


STDYX Standardization

                                                    Two-Tailed
                    Estimate       S.E.  Est./S.E.    P-Value

Latent Class 1

 Means
    FOP               -0.474      0.058     -8.150      0.000
    POSEM             -0.099      0.045     -2.202      0.028
    NEGEM              0.223      0.045      4.930      0.000
    FLOW              -0.027      0.044     -0.609      0.542
    SELFDET           -0.170      0.045     -3.745      0.000
    PERSEFF            0.024      0.045      0.520      0.603
    STRENGTH           0.060      0.045      1.332      0.183

 Variances
    FOP                1.000      0.000    999.000    999.000
    POSEM              1.000      0.000    999.000    999.000
    NEGEM              1.000      0.000    999.000    999.000
    FLOW               1.000      0.000    999.000    999.000
    SELFDET            1.000      0.000    999.000    999.000
    PERSEFF            1.000      0.000    999.000    999.000
    STRENGTH           1.000      0.000    999.000    999.000

Latent Class 2

 Means
    FOP                0.826      0.120      6.868      0.000
    POSEM              0.185      0.071      2.610      0.009
    NEGEM             -0.513      0.159     -3.230      0.001
    FLOW               0.061      0.055      1.105      0.269
    SELFDET            0.394      0.074      5.340      0.000
    PERSEFF           -0.049      0.054     -0.904      0.366
    STRENGTH          -0.124      0.052     -2.373      0.018

 Variances
    FOP                1.000      0.000    999.000    999.000
    POSEM              1.000      0.000    999.000    999.000
    NEGEM              1.000      0.000    999.000    999.000
    FLOW               1.000      0.000    999.000    999.000
    SELFDET            1.000      0.000    999.000    999.000
    PERSEFF            1.000      0.000    999.000    999.000
    STRENGTH           1.000      0.000    999.000    999.000


R-SQUARE

Class 1

Class 2


QUALITY OF NUMERICAL RESULTS

     Condition Number for the Information Matrix              0.220E-01
       (ratio of smallest to largest eigenvalue)


TECHNICAL 11 OUTPUT

     Random Starts Specifications for the k-1 Class Analysis Model
        Number of initial stage random starts                1000
        Number of final stage optimizations                   200



     VUONG-LO-MENDELL-RUBIN LIKELIHOOD RATIO TEST FOR 1 (H0) VERSUS 2 CLASSES

          H0 Loglikelihood Value                        -9708.114
          2 Times the Loglikelihood Difference            863.577
          Difference in the Number of Parameters               15
          Mean                                             23.322
          Standard Deviation                               30.362
          P-Value                                          0.0000

     LO-MENDELL-RUBIN ADJUSTED LRT TEST

          Value                                           855.397
          P-Value                                          0.0000


TECHNICAL 14 OUTPUT

     Random Starts Specifications for the k-1 Class Analysis Model
        Number of initial stage random starts                1000
        Number of final stage optimizations                   200

     Random Starts Specification for the k-1 Class Model for Generated Data
        Number of initial stage random starts                   0
        Number of final stage optimizations for the
           initial stage random starts                          0
     Random Starts Specification for the k Class Model for Generated Data
        Number of initial stage random starts                 500
        Number of final stage optimizations                   100
     Number of bootstrap draws requested                   Varies


     PARAMETRIC BOOTSTRAPPED LIKELIHOOD RATIO TEST FOR 1 (H0) VERSUS 2 CLASSES

          H0 Loglikelihood Value                        -9708.114
          2 Times the Loglikelihood Difference            863.577
          Difference in the Number of Parameters               15
          Approximate P-Value                              0.0000
          Successful Bootstrap Draws                            5

     WARNING:  THE BEST LOGLIKELIHOOD VALUE FOR THE 1 CLASS MODEL FOR THE GENERATED DATA
     WAS NOT REPLICATED IN 3 OUT OF 5 BOOTSTRAP DRAWS.  THE P-VALUE MAY NOT BE TRUSTWORTHY
     DUE TO LOCAL MAXIMA.  INCREASE THE NUMBER OF RANDOM STARTS USING THE LRTSTARTS OPTION.



PLOT INFORMATION

The following plots are available:

  Histograms of sample values
  Histograms of estimated values
  Scatterplots (sample values, estimated values)
  Sample means
  Estimated means
  Sample and estimated means
  Observed individual values
  Estimated individual values
  Estimated means and observed individual values
  Estimated means and estimated individual values
  Mixture distributions

DIAGRAM INFORMATION

  Mplus diagrams are currently not available for Mixture analysis.
  No diagram output was produced.


     Beginning Time:  23:01:51
        Ending Time:  23:02:30
       Elapsed Time:  00:00:39



MUTHEN & MUTHEN
3463 Stoner Ave.
Los Angeles, CA  90066

Tel: (310) 391-9971
Fax: (310) 391-8971
Web: www.StatModel.com
Support: Support@StatModel.com

Copyright (c) 1998-2012 Muthen & Muthen
