Mplus VERSION 7
MUTHEN & MUTHEN
12/24/2018   7:46 PM

INPUT INSTRUCTIONS

  Title:
  Etude BI ESEM Fonctionnement Optimal Psychologique
  On élimine tous les items ayant plus de 0.6 de résidus standardisés

  Data:
  File is Base_1066_noheader_2017-06.dat;

  Variable:
  Names are
  Id Sexe Age Situfam Enfant Situpro Contract Missdays Income
  Educatio Compsize Manager CSP1 CSP2 Sector Zipcode ZoneFR1 ZoneFR2
  MHCA1-MHCA14 MHCB1-MHCB14 MHCC1-MHCC14 PE1-PE20 Flux1-Flux13
  Cap1 Cap2 Cap3 AD1-AD10 EfP1-EfP8 UF1-UF6 HSE1-HSE35
  ALQ1-ALQ16 abs1-abs11 Imp1-Imp6 Force1-Force24
  Inwork ExperDP PratDP cabs1-cabs7;

  Idvariable is Id;
  Missing are all (999);

  Usevariables are
  PE11 PE14 PE15
  PE3 PE6 PE10
  FLUX2 FLUX5 FLUX6 FLUX7 FLUX8
  AD2 AD3 AD5 AD10
  EFP3 EFP5 EFP6 EFP7 EFP8
  UF2 UF3 UF4 UF6

  Analysis:
  Estimator is MLR;
  Rotation is Target (Orthogonal) ;

  Model:
  FOP by
  PE11 PE14 PE15
  PE3 PE6 PE10
  FLUX2 FLUX5 FLUX6 FLUX7 FLUX8
  AD2 AD3 AD5 AD10
  EFP3 EFP5 EFP6 EFP7 EFP8
  UF2 UF3 UF4 UF6 (*1);

  PosEm by
  PE11 PE14 PE15
  PE3~0 PE6~0 PE10~0
  Flux2~0 Flux5~0 Flux6~0 Flux7~0 Flux8~0
  AD2~0 AD3~0 AD5~0 AD10~0
  EfP3~0 EfP5~0 EfP6~0 EfP7~0 EfP8~0
  UF2~0 UF3~0 UF4~0 UF6~0 (*1);

  NegEm by
  PE11~0 PE14~0 PE15~0
  PE3 PE6 PE10
  Flux2~0 Flux5~0 Flux6~0 Flux7~0 Flux8~0
  AD2~0 AD3~0 AD5~0 AD10~0
  EfP3~0 EfP5~0 EfP6~0 EfP7~0 EfP8~0
  UF2~0 UF3~0 UF4~0 UF6~0 (*1);

  Flow by
  PE11~0 PE14~0 PE15~0
  PE3~0 PE6~0 PE10~0
  Flux2 Flux5 Flux6 Flux7 Flux8
  AD2~0 AD3~0 AD5~0 AD10~0
  EfP3~0 EfP5~0 EfP6~0 EfP7~0 EfP8~0
  UF2~0 UF3~0 UF4~0 UF6~0 (*1);

  SelfDet by
  PE11~0 PE14~0 PE15~0
  PE3~0 PE6~0 PE10~0
  Flux2~0 Flux5~0 Flux6~0 Flux7~0 Flux8~0
  AD2 AD3 AD5 AD10
  EfP3~0 EfP5~0 EfP6~0 EfP7~0 EfP8~0
  UF2~0 UF3~0 UF4~0 UF6~0 (*1);

  Perseff by
  PE11~0 PE14~0 PE15~0
  PE3~0 PE6~0 PE10~0
  Flux2~0 Flux5~0 Flux6~0 Flux7~0 Flux8~0
  AD2~0 AD3~0 AD5~0 AD10~0
  EfP3 EfP5 EfP6 EfP7 EfP8
  UF2~0 UF3~0 UF4~0 UF6~0 (*1);

  Strength by
  PE11~0 PE14~0 PE15~0
  PE3~0 PE6~0 PE10~0
  Flux2~0 Flux5~0 Flux6~0 Flux7~0 Flux8~0
  AD2~0 AD3~0 AD5~0 AD10~0
  EfP3~0 EfP5~0 EfP6~0 EfP7~0 EfP8~0
  UF2 UF3 UF4 UF6 (*1);


  Output:
  STDYX Modindices(all) Res Tech4;




*** WARNING in MODEL command
  Fewer than 21 loadings have been given target values in EFA set *1.
  The model may not be identified.
   1 WARNING(S) FOUND IN THE INPUT INSTRUCTIONS




Etude BI ESEM Fonctionnement Optimal Psychologique
On élimine tous les items ayant plus de 0.6 de résidus standardisés

SUMMARY OF ANALYSIS

Number of groups                                                 1
Number of observations                                        1066

Number of dependent variables                                   24
Number of independent variables                                  0
Number of continuous latent variables                            7

Observed dependent variables

  Continuous
   PE11        PE14        PE15        PE3         PE6         PE10
   FLUX2       FLUX5       FLUX6       FLUX7       FLUX8       AD2
   AD3         AD5         AD10        EFP3        EFP5        EFP6
   EFP7        EFP8        UF2         UF3         UF4         UF6

Continuous latent variables

  EFA factors
  *1:   FOP         POSEM       NEGEM       FLOW        SELFDET     PERSEFF
   STRENGTH

Variables with special functions

  ID variable           ID

Estimator                                                      MLR
Rotation                                                    TARGET
Row standardization                                    CORRELATION
Type of rotation                                        ORTHOGONAL
Information matrix                                        OBSERVED
Maximum number of iterations                                  1000
Convergence criterion                                    0.500D-04
Maximum number of steepest descent iterations                   20
Maximum number of iterations for H1                           2000
Convergence criterion for H1                             0.100D-03
Optimization Specifications for the Exploratory Factor Analysis
Rotation Algorithm
  Number of random starts                                       30
  Maximum number of iterations                             1000000
  Derivative convergence criterion                       0.100D-04

Input data file(s)
  Base_1066_noheader_2017-06.dat

Input data format  FREE


SUMMARY OF DATA

     Number of missing data patterns            98


COVARIANCE COVERAGE OF DATA

Minimum covariance coverage value   0.100


     PROPORTION OF DATA PRESENT


           Covariance Coverage
              PE11          PE14          PE15          PE3           PE6
              ________      ________      ________      ________      ________
 PE11           0.982
 PE14           0.977         0.992
 PE15           0.976         0.987         0.992
 PE3            0.967         0.974         0.974         0.981
 PE6            0.963         0.973         0.973         0.966         0.977
 PE10           0.975         0.983         0.984         0.975         0.971
 FLUX2          0.958         0.966         0.964         0.955         0.957
 FLUX5          0.972         0.982         0.979         0.970         0.969
 FLUX6          0.971         0.979         0.978         0.969         0.967
 FLUX7          0.963         0.972         0.971         0.962         0.960
 FLUX8          0.968         0.978         0.977         0.968         0.967
 AD2            0.977         0.987         0.986         0.976         0.972
 AD3            0.932         0.941         0.940         0.930         0.925
 AD5            0.978         0.989         0.988         0.977         0.974
 AD10           0.957         0.966         0.965         0.956         0.953
 EFP3           0.977         0.986         0.984         0.975         0.971
 EFP5           0.976         0.986         0.985         0.975         0.971
 EFP6           0.977         0.987         0.986         0.976         0.972
 EFP7           0.977         0.985         0.984         0.975         0.971
 EFP8           0.978         0.989         0.988         0.977         0.974
 UF2            0.980         0.990         0.988         0.978         0.974
 UF3            0.974         0.983         0.981         0.971         0.967
 UF4            0.970         0.978         0.977         0.967         0.963
 UF6            0.954         0.959         0.957         0.949         0.946


           Covariance Coverage
              PE10          FLUX2         FLUX5         FLUX6         FLUX7
              ________      ________      ________      ________      ________
 PE10           0.990
 FLUX2          0.964         0.972
 FLUX5          0.979         0.964         0.987
 FLUX6          0.977         0.963         0.978         0.985
 FLUX7          0.971         0.961         0.969         0.972         0.977
 FLUX8          0.977         0.964         0.977         0.976         0.972
 AD2            0.984         0.966         0.981         0.979         0.972
 AD3            0.936         0.924         0.934         0.935         0.930
 AD5            0.986         0.968         0.983         0.981         0.974
 AD10           0.963         0.947         0.962         0.961         0.953
 EFP3           0.982         0.965         0.979         0.978         0.971
 EFP5           0.983         0.965         0.980         0.978         0.971
 EFP6           0.984         0.966         0.981         0.979         0.972
 EFP7           0.982         0.967         0.979         0.979         0.974
 EFP8           0.986         0.968         0.983         0.981         0.974
 UF2            0.986         0.968         0.983         0.981         0.974
 UF3            0.979         0.963         0.977         0.975         0.969
 UF4            0.976         0.960         0.973         0.971         0.966
 UF6            0.955         0.940         0.952         0.952         0.946


           Covariance Coverage
              FLUX8         AD2           AD3           AD5           AD10
              ________      ________      ________      ________      ________
 FLUX8          0.984
 AD2            0.978         0.994
 AD3            0.932         0.946         0.947
 AD5            0.980         0.992         0.946         0.996
 AD10           0.958         0.974         0.933         0.973         0.974
 EFP3           0.977         0.987         0.941         0.989         0.966
 EFP5           0.977         0.988         0.940         0.990         0.967
 EFP6           0.978         0.989         0.943         0.991         0.968
 EFP7           0.977         0.987         0.942         0.989         0.966
 EFP8           0.980         0.991         0.944         0.992         0.970
 UF2            0.980         0.992         0.943         0.992         0.971
 UF3            0.974         0.984         0.939         0.986         0.964
 UF4            0.969         0.979         0.935         0.981         0.960
 UF6            0.950         0.961         0.921         0.963         0.943


           Covariance Coverage
              EFP3          EFP5          EFP6          EFP7          EFP8
              ________      ________      ________      ________      ________
 EFP3           0.992
 EFP5           0.986         0.993
 EFP6           0.987         0.990         0.994
 EFP7           0.986         0.986         0.989         0.992
 EFP8           0.989         0.991         0.992         0.990         0.996
 UF2            0.989         0.990         0.991         0.989         0.992
 UF3            0.983         0.983         0.984         0.984         0.986
 UF4            0.978         0.978         0.979         0.979         0.981
 UF6            0.962         0.959         0.961         0.961         0.963


           Covariance Coverage
              UF2           UF3           UF4           UF6
              ________      ________      ________      ________
 UF2            0.996
 UF3            0.987         0.990
 UF4            0.982         0.984         0.985
 UF6            0.962         0.959         0.955         0.965



THE MODEL ESTIMATION TERMINATED NORMALLY



MODEL FIT INFORMATION

Number of Free Parameters                      195

Loglikelihood

          H0 Value                      -32991.804
          H0 Scaling Correction Factor      1.4334
            for MLR
          H1 Value                      -32875.174
          H1 Scaling Correction Factor      1.3740
            for MLR

Information Criteria

          Akaike (AIC)                   66373.608
          Bayesian (BIC)                 67343.083
          Sample-Size Adjusted BIC       66723.728
            (n* = (n + 2) / 24)

Chi-Square Test of Model Fit

          Value                            181.633*
          Degrees of Freedom                   129
          P-Value                           0.0016
          Scaling Correction Factor         1.2842
            for MLR

*   The chi-square value for MLM, MLMV, MLR, ULSMV, WLSM and WLSMV cannot be used
    for chi-square difference testing in the regular way.  MLM, MLR and WLSM
    chi-square difference testing is described on the Mplus website.  MLMV, WLSMV,
    and ULSMV difference testing is done using the DIFFTEST option.

RMSEA (Root Mean Square Error Of Approximation)

          Estimate                           0.020
          90 Percent C.I.                    0.012  0.026
          Probability RMSEA <= .05           1.000

CFI/TLI

          CFI                                0.994
          TLI                                0.987

Chi-Square Test of Model Fit for the Baseline Model

          Value                           8630.857
          Degrees of Freedom                   276
          P-Value                           0.0000

SRMR (Standardized Root Mean Square Residual)

          Value                              0.011



MODEL RESULTS

                                                    Two-Tailed
                    Estimate       S.E.  Est./S.E.    P-Value

 FOP      BY
    PE11               0.553      0.048     11.421      0.000
    PE14               0.608      0.061      9.968      0.000
    PE15               0.522      0.071      7.385      0.000
    PE3               -0.244      0.051     -4.820      0.000
    PE6               -0.208      0.047     -4.404      0.000
    PE10              -0.195      0.047     -4.104      0.000
    FLUX2              0.652      0.061     10.635      0.000
    FLUX5              0.694      0.061     11.331      0.000
    FLUX6              0.679      0.047     14.301      0.000
    FLUX7              0.628      0.048     12.986      0.000
    FLUX8              0.654      0.056     11.639      0.000
    AD2                0.467      0.059      7.889      0.000
    AD3                0.545      0.048     11.270      0.000
    AD5                0.612      0.045     13.541      0.000
    AD10               0.463      0.054      8.589      0.000
    EFP3               0.611      0.043     14.311      0.000
    EFP5               0.594      0.038     15.735      0.000
    EFP6               0.609      0.046     13.303      0.000
    EFP7               0.572      0.044     13.077      0.000
    EFP8               0.570      0.035     16.368      0.000
    UF2                0.490      0.076      6.429      0.000
    UF3                0.746      0.056     13.274      0.000
    UF4                0.518      0.098      5.265      0.000
    UF6                0.490      0.093      5.289      0.000

 POSEM    BY
    PE11               0.784      0.049     16.012      0.000
    PE14               0.906      0.052     17.492      0.000
    PE15               0.799      0.048     16.544      0.000
    PE3                0.022      0.034      0.640      0.522
    PE6                0.014      0.027      0.498      0.618
    PE10              -0.091      0.038     -2.386      0.017
    FLUX2              0.145      0.041      3.503      0.000
    FLUX5              0.141      0.034      4.186      0.000
    FLUX6              0.036      0.034      1.053      0.292
    FLUX7              0.068      0.026      2.589      0.010
    FLUX8              0.036      0.032      1.129      0.259
    AD2                0.016      0.037      0.435      0.663
    AD3                0.057      0.032      1.761      0.078
    AD5                0.041      0.035      1.174      0.240
    AD10               0.051      0.033      1.558      0.119
    EFP3              -0.085      0.031     -2.723      0.006
    EFP5              -0.021      0.022     -0.974      0.330
    EFP6               0.013      0.026      0.513      0.608
    EFP7               0.019      0.031      0.617      0.537
    EFP8               0.023      0.020      1.155      0.248
    UF2               -0.114      0.035     -3.296      0.001
    UF3               -0.175      0.024     -7.436      0.000
    UF4                0.000      0.053      0.003      0.997
    UF6                0.042      0.046      0.928      0.353

 NEGEM    BY
    PE11              -0.027      0.040     -0.690      0.490
    PE14              -0.040      0.027     -1.498      0.134
    PE15               0.024      0.040      0.602      0.547
    PE3                0.779      0.056     13.989      0.000
    PE6                0.903      0.054     16.821      0.000
    PE10               0.854      0.052     16.524      0.000
    FLUX2              0.065      0.032      2.031      0.042
    FLUX5             -0.101      0.032     -3.125      0.002
    FLUX6             -0.047      0.034     -1.391      0.164
    FLUX7              0.078      0.026      3.063      0.002
    FLUX8             -0.012      0.026     -0.446      0.655
    AD2               -0.144      0.030     -4.817      0.000
    AD3                0.003      0.035      0.088      0.930
    AD5               -0.120      0.037     -3.265      0.001
    AD10              -0.004      0.036     -0.109      0.913
    EFP3               0.033      0.029      1.161      0.245
    EFP5              -0.004      0.022     -0.159      0.873
    EFP6              -0.022      0.025     -0.860      0.390
    EFP7               0.053      0.023      2.239      0.025
    EFP8               0.004      0.021      0.169      0.866
    UF2                0.049      0.028      1.751      0.080
    UF3                0.032      0.024      1.345      0.179
    UF4                0.025      0.033      0.766      0.444
    UF6                0.003      0.025      0.109      0.913

 FLOW     BY
    PE11               0.151      0.038      4.030      0.000
    PE14               0.140      0.046      3.042      0.002
    PE15               0.098      0.059      1.670      0.095
    PE3               -0.024      0.037     -0.642      0.521
    PE6                0.058      0.028      2.065      0.039
    PE10              -0.059      0.036     -1.610      0.107
    FLUX2              0.617      0.059     10.524      0.000
    FLUX5              0.769      0.055     13.904      0.000
    FLUX6              0.607      0.056     10.899      0.000
    FLUX7              0.758      0.047     16.219      0.000
    FLUX8              0.658      0.055     12.067      0.000
    AD2                0.040      0.048      0.840      0.401
    AD3               -0.016      0.037     -0.431      0.666
    AD5                0.015      0.039      0.388      0.698
    AD10              -0.060      0.037     -1.625      0.104
    EFP3               0.078      0.040      1.965      0.049
    EFP5               0.007      0.024      0.282      0.778
    EFP6               0.057      0.035      1.618      0.106
    EFP7              -0.017      0.032     -0.516      0.606
    EFP8              -0.004      0.022     -0.170      0.865
    UF2               -0.084      0.045     -1.883      0.060
    UF3               -0.116      0.029     -4.055      0.000
    UF4               -0.120      0.067     -1.781      0.075
    UF6                0.063      0.062      1.006      0.314

 SELFDET  BY
    PE11               0.175      0.047      3.700      0.000
    PE14               0.027      0.035      0.780      0.435
    PE15              -0.032      0.049     -0.648      0.517
    PE3                0.008      0.035      0.241      0.809
    PE6               -0.076      0.028     -2.687      0.007
    PE10              -0.159      0.038     -4.230      0.000
    FLUX2              0.033      0.048      0.696      0.486
    FLUX5             -0.009      0.038     -0.242      0.809
    FLUX6              0.010      0.041      0.237      0.813
    FLUX7             -0.018      0.029     -0.603      0.546
    FLUX8             -0.016      0.032     -0.499      0.618
    AD2                0.754      0.052     14.568      0.000
    AD3                0.574      0.053     10.750      0.000
    AD5                0.640      0.055     11.677      0.000
    AD10               0.947      0.049     19.164      0.000
    EFP3               0.032      0.030      1.064      0.288
    EFP5              -0.028      0.020     -1.392      0.164
    EFP6               0.063      0.027      2.324      0.020
    EFP7              -0.004      0.025     -0.145      0.885
    EFP8              -0.017      0.017     -0.970      0.332
    UF2               -0.075      0.036     -2.069      0.039
    UF3               -0.002      0.027     -0.062      0.951
    UF4               -0.123      0.049     -2.480      0.013
    UF6                0.066      0.053      1.247      0.213

 PERSEFF  BY
    PE11               0.114      0.047      2.431      0.015
    PE14              -0.027      0.042     -0.636      0.525
    PE15              -0.064      0.060     -1.076      0.282
    PE3               -0.093      0.040     -2.323      0.020
    PE6                0.090      0.034      2.631      0.009
    PE10               0.041      0.037      1.094      0.274
    FLUX2              0.103      0.044      2.326      0.020
    FLUX5              0.082      0.039      2.087      0.037
    FLUX6             -0.158      0.043     -3.707      0.000
    FLUX7             -0.013      0.032     -0.411      0.681
    FLUX8              0.073      0.036      2.039      0.041
    AD2               -0.039      0.046     -0.833      0.405
    AD3                0.032      0.037      0.875      0.381
    AD5                0.055      0.040      1.374      0.170
    AD10               0.010      0.040      0.241      0.810
    EFP3               0.276      0.044      6.323      0.000
    EFP5               0.518      0.034     15.099      0.000
    EFP6               0.607      0.038     15.879      0.000
    EFP7               0.521      0.039     13.314      0.000
    EFP8               0.532      0.029     18.249      0.000
    UF2               -0.029      0.053     -0.553      0.580
    UF3               -0.123      0.036     -3.443      0.001
    UF4                0.007      0.062      0.117      0.907
    UF6                0.139      0.083      1.672      0.095

 STRENGTH BY
    PE11               0.112      0.047      2.368      0.018
    PE14              -0.073      0.038     -1.920      0.055
    PE15              -0.087      0.054     -1.620      0.105
    PE3                0.051      0.034      1.514      0.130
    PE6                0.019      0.030      0.640      0.522
    PE10              -0.015      0.040     -0.375      0.708
    FLUX2             -0.059      0.042     -1.423      0.155
    FLUX5             -0.049      0.041     -1.185      0.236
    FLUX6             -0.002      0.050     -0.043      0.965
    FLUX7              0.007      0.027      0.264      0.792
    FLUX8             -0.017      0.029     -0.609      0.543
    AD2               -0.106      0.047     -2.262      0.024
    AD3                0.053      0.058      0.917      0.359
    AD5                0.048      0.043      1.108      0.268
    AD10               0.013      0.044      0.305      0.760
    EFP3               0.010      0.044      0.224      0.823
    EFP5               0.046      0.029      1.596      0.110
    EFP6              -0.007      0.024     -0.287      0.774
    EFP7               0.039      0.021      1.893      0.058
    EFP8               0.040      0.030      1.337      0.181
    UF2                0.197      0.182      1.079      0.281
    UF3                0.215      0.196      1.099      0.272
    UF4                0.339      0.223      1.519      0.129
    UF6                0.818      0.286      2.863      0.004

 POSEM    WITH
    FOP                0.000      0.000    999.000    999.000

 NEGEM    WITH
    FOP                0.000      0.000    999.000    999.000
    POSEM              0.000      0.000    999.000    999.000

 FLOW     WITH
    FOP                0.000      0.000    999.000    999.000
    POSEM              0.000      0.000    999.000    999.000
    NEGEM              0.000      0.000    999.000    999.000

 SELFDET  WITH
    FOP                0.000      0.000    999.000    999.000
    POSEM              0.000      0.000    999.000    999.000
    NEGEM              0.000      0.000    999.000    999.000
    FLOW               0.000      0.000    999.000    999.000

 PERSEFF  WITH
    FOP                0.000      0.000    999.000    999.000
    POSEM              0.000      0.000    999.000    999.000
    NEGEM              0.000      0.000    999.000    999.000
    FLOW               0.000      0.000    999.000    999.000
    SELFDET            0.000      0.000    999.000    999.000

 STRENGTH WITH
    FOP                0.000      0.000    999.000    999.000
    POSEM              0.000      0.000    999.000    999.000
    NEGEM              0.000      0.000    999.000    999.000
    FLOW               0.000      0.000    999.000    999.000
    SELFDET            0.000      0.000    999.000    999.000
    PERSEFF            0.000      0.000    999.000    999.000

 Intercepts
    PE11               3.565      0.044     80.186      0.000
    PE14               4.386      0.037    119.579      0.000
    PE15               4.473      0.042    106.277      0.000
    PE3                1.835      0.037     50.253      0.000
    PE6                1.826      0.036     50.196      0.000
    PE10               2.163      0.040     54.636      0.000
    FLUX2              4.453      0.041    109.671      0.000
    FLUX5              4.656      0.039    119.146      0.000
    FLUX6              4.639      0.039    119.872      0.000
    FLUX7              4.738      0.036    130.419      0.000
    FLUX8              4.782      0.036    134.705      0.000
    AD2                4.564      0.035    130.187      0.000
    AD3                4.573      0.039    116.142      0.000
    AD5                4.541      0.041    111.415      0.000
    AD10               3.964      0.043     91.876      0.000
    EFP3               4.663      0.031    150.931      0.000
    EFP5               4.867      0.029    165.471      0.000
    EFP6               4.716      0.032    146.234      0.000
    EFP7               4.724      0.029    163.365      0.000
    EFP8               4.840      0.028    173.954      0.000
    UF2                5.029      0.026    196.770      0.000
    UF3                4.939      0.029    170.386      0.000
    UF4                4.919      0.029    171.919      0.000
    UF6                4.741      0.032    149.808      0.000

 Variances
    FOP                1.000      0.000    999.000    999.000
    POSEM              1.000      0.000    999.000    999.000
    NEGEM              1.000      0.000    999.000    999.000
    FLOW               1.000      0.000    999.000    999.000
    SELFDET            1.000      0.000    999.000    999.000
    PERSEFF            1.000      0.000    999.000    999.000
    STRENGTH           1.000      0.000    999.000    999.000

 Residual Variances
    PE11               1.091      0.076     14.296      0.000
    PE14               0.204      0.057      3.571      0.000
    PE15               0.942      0.080     11.781      0.000
    PE3                0.725      0.063     11.599      0.000
    PE6                0.496      0.068      7.264      0.000
    PE10               0.857      0.077     11.135      0.000
    FLUX2              0.873      0.072     12.100      0.000
    FLUX5              0.501      0.054      9.336      0.000
    FLUX6              0.721      0.058     12.514      0.000
    FLUX7              0.405      0.045      9.067      0.000
    FLUX8              0.457      0.038     12.016      0.000
    AD2                0.488      0.048     10.231      0.000
    AD3                0.938      0.064     14.734      0.000
    AD5                0.962      0.063     15.162      0.000
    AD10               0.832      0.082     10.095      0.000
    EFP3               0.546      0.043     12.552      0.000
    EFP5               0.293      0.026     11.194      0.000
    EFP6               0.357      0.028     12.800      0.000
    EFP7               0.284      0.032      8.935      0.000
    EFP8               0.213      0.019     11.231      0.000
    UF2                0.388      0.039      9.949      0.000
    UF3                0.228      0.064      3.564      0.000
    UF4                0.450      0.046      9.799      0.000
    UF6                0.104      0.495      0.210      0.834


STANDARDIZED MODEL RESULTS


STDYX Standardization

                                                    Two-Tailed
                    Estimate       S.E.  Est./S.E.    P-Value

 FOP      BY
    PE11               0.383      0.032     11.978      0.000
    PE14               0.510      0.049     10.477      0.000
    PE15               0.381      0.050      7.555      0.000
    PE3               -0.206      0.042     -4.909      0.000
    PE6               -0.177      0.040     -4.444      0.000
    PE10              -0.151      0.037     -4.112      0.000
    FLUX2              0.497      0.044     11.200      0.000
    FLUX5              0.546      0.045     12.119      0.000
    FLUX6              0.540      0.034     15.904      0.000
    FLUX7              0.533      0.037     14.545      0.000
    FLUX8              0.568      0.043     13.101      0.000
    AD2                0.408      0.050      8.158      0.000
    AD3                0.435      0.036     12.100      0.000
    AD5                0.461      0.031     14.698      0.000
    AD10               0.332      0.037      8.853      0.000
    EFP3               0.608      0.036     16.933      0.000
    EFP5               0.620      0.032     19.264      0.000
    EFP6               0.580      0.037     15.512      0.000
    EFP7               0.607      0.039     15.673      0.000
    EFP8               0.628      0.028     22.445      0.000
    UF2                0.587      0.088      6.697      0.000
    UF3                0.790      0.051     15.495      0.000
    UF4                0.558      0.104      5.354      0.000
    UF6                0.480      0.087      5.494      0.000

 POSEM    BY
    PE11               0.542      0.032     16.743      0.000
    PE14               0.759      0.041     18.748      0.000
    PE15               0.584      0.032     17.956      0.000
    PE3                0.018      0.029      0.640      0.522
    PE6                0.012      0.023      0.499      0.618
    PE10              -0.071      0.029     -2.405      0.016
    FLUX2              0.110      0.031      3.510      0.000
    FLUX5              0.111      0.026      4.212      0.000
    FLUX6              0.029      0.027      1.053      0.293
    FLUX7              0.058      0.022      2.597      0.009
    FLUX8              0.032      0.028      1.131      0.258
    AD2                0.014      0.032      0.435      0.663
    AD3                0.046      0.026      1.766      0.077
    AD5                0.031      0.026      1.176      0.240
    AD10               0.036      0.023      1.556      0.120
    EFP3              -0.084      0.031     -2.756      0.006
    EFP5              -0.022      0.023     -0.977      0.329
    EFP6               0.013      0.025      0.512      0.609
    EFP7               0.020      0.033      0.616      0.538
    EFP8               0.025      0.022      1.157      0.247
    UF2               -0.137      0.041     -3.335      0.001
    UF3               -0.186      0.025     -7.566      0.000
    UF4                0.000      0.057      0.003      0.997
    UF6                0.042      0.045      0.927      0.354

 NEGEM    BY
    PE11              -0.019      0.027     -0.690      0.490
    PE14              -0.034      0.022     -1.502      0.133
    PE15               0.017      0.029      0.601      0.548
    PE3                0.657      0.036     18.272      0.000
    PE6                0.771      0.034     22.944      0.000
    PE10               0.662      0.034     19.388      0.000
    FLUX2              0.050      0.024      2.040      0.041
    FLUX5             -0.079      0.025     -3.149      0.002
    FLUX6             -0.037      0.027     -1.390      0.165
    FLUX7              0.067      0.022      3.066      0.002
    FLUX8             -0.010      0.023     -0.446      0.655
    AD2               -0.126      0.026     -4.835      0.000
    AD3                0.002      0.028      0.088      0.930
    AD5               -0.090      0.028     -3.285      0.001
    AD10              -0.003      0.026     -0.109      0.913
    EFP3               0.033      0.029      1.162      0.245
    EFP5              -0.004      0.023     -0.160      0.873
    EFP6              -0.021      0.024     -0.860      0.390
    EFP7               0.056      0.025      2.238      0.025
    EFP8               0.004      0.023      0.169      0.866
    UF2                0.059      0.034      1.746      0.081
    UF3                0.033      0.025      1.342      0.179
    UF4                0.027      0.036      0.767      0.443
    UF6                0.003      0.024      0.109      0.913

 FLOW     BY
    PE11               0.105      0.026      4.036      0.000
    PE14               0.118      0.038      3.059      0.002
    PE15               0.072      0.043      1.669      0.095
    PE3               -0.020      0.032     -0.642      0.521
    PE6                0.049      0.024      2.079      0.038
    PE10              -0.045      0.028     -1.610      0.107
    FLUX2              0.470      0.044     10.676      0.000
    FLUX5              0.606      0.040     14.973      0.000
    FLUX6              0.483      0.042     11.512      0.000
    FLUX7              0.644      0.036     18.126      0.000
    FLUX8              0.572      0.044     13.104      0.000
    AD2                0.035      0.042      0.840      0.401
    AD3               -0.013      0.030     -0.431      0.666
    AD5                0.011      0.030      0.388      0.698
    AD10              -0.043      0.026     -1.628      0.104
    EFP3               0.077      0.040      1.953      0.051
    EFP5               0.007      0.025      0.282      0.778
    EFP6               0.055      0.034      1.624      0.104
    EFP7              -0.018      0.034     -0.517      0.605
    EFP8              -0.004      0.024     -0.171      0.865
    UF2               -0.101      0.054     -1.879      0.060
    UF3               -0.123      0.030     -4.127      0.000
    UF4               -0.129      0.073     -1.782      0.075
    UF6                0.061      0.061      1.003      0.316

 SELFDET  BY
    PE11               0.121      0.033      3.709      0.000
    PE14               0.023      0.029      0.781      0.435
    PE15              -0.023      0.036     -0.648      0.517
    PE3                0.007      0.030      0.241      0.809
    PE6               -0.065      0.024     -2.710      0.007
    PE10              -0.123      0.029     -4.317      0.000
    FLUX2              0.026      0.037      0.697      0.486
    FLUX5             -0.007      0.030     -0.241      0.809
    FLUX6              0.008      0.033      0.237      0.813
    FLUX7             -0.015      0.025     -0.603      0.547
    FLUX8             -0.014      0.028     -0.499      0.618
    AD2                0.659      0.039     17.058      0.000
    AD3                0.458      0.038     12.062      0.000
    AD5                0.481      0.037     12.884      0.000
    AD10               0.678      0.031     21.886      0.000
    EFP3               0.032      0.030      1.065      0.287
    EFP5              -0.030      0.021     -1.387      0.166
    EFP6               0.060      0.025      2.341      0.019
    EFP7              -0.004      0.026     -0.145      0.885
    EFP8              -0.018      0.019     -0.969      0.333
    UF2               -0.089      0.043     -2.062      0.039
    UF3               -0.002      0.029     -0.062      0.951
    UF4               -0.132      0.054     -2.458      0.014
    UF6                0.065      0.052      1.247      0.212

 PERSEFF  BY
    PE11               0.079      0.032      2.436      0.015
    PE14              -0.023      0.035     -0.636      0.525
    PE15              -0.047      0.044     -1.077      0.282
    PE3               -0.078      0.034     -2.326      0.020
    PE6                0.077      0.029      2.617      0.009
    PE10               0.031      0.029      1.095      0.273
    FLUX2              0.078      0.034      2.326      0.020
    FLUX5              0.065      0.031      2.102      0.036
    FLUX6             -0.125      0.034     -3.739      0.000
    FLUX7             -0.011      0.027     -0.411      0.681
    FLUX8              0.063      0.031      2.038      0.042
    AD2               -0.034      0.040     -0.834      0.404
    AD3                0.026      0.030      0.873      0.383
    AD5                0.041      0.030      1.373      0.170
    AD10               0.007      0.029      0.241      0.810
    EFP3               0.275      0.043      6.345      0.000
    EFP5               0.541      0.032     16.911      0.000
    EFP6               0.578      0.034     16.763      0.000
    EFP7               0.553      0.040     13.682      0.000
    EFP8               0.586      0.029     19.970      0.000
    UF2               -0.035      0.063     -0.553      0.581
    UF3               -0.131      0.037     -3.499      0.000
    UF4                0.008      0.067      0.117      0.907
    UF6                0.136      0.082      1.663      0.096

 STRENGTH BY
    PE11               0.077      0.033      2.375      0.018
    PE14              -0.061      0.032     -1.919      0.055
    PE15              -0.063      0.039     -1.619      0.105
    PE3                0.043      0.029      1.513      0.130
    PE6                0.017      0.026      0.639      0.523
    PE10              -0.012      0.031     -0.375      0.708
    FLUX2             -0.045      0.032     -1.422      0.155
    FLUX5             -0.038      0.032     -1.186      0.235
    FLUX6             -0.002      0.040     -0.043      0.965
    FLUX7              0.006      0.023      0.264      0.792
    FLUX8             -0.015      0.025     -0.608      0.543
    AD2               -0.092      0.041     -2.273      0.023
    AD3                0.042      0.046      0.918      0.358
    AD5                0.036      0.032      1.109      0.267
    AD10               0.010      0.032      0.305      0.760
    EFP3               0.010      0.044      0.224      0.823
    EFP5               0.048      0.030      1.604      0.109
    EFP6              -0.006      0.022     -0.287      0.774
    EFP7               0.041      0.022      1.889      0.059
    EFP8               0.044      0.033      1.340      0.180
    UF2                0.236      0.218      1.080      0.280
    UF3                0.228      0.208      1.098      0.272
    UF4                0.365      0.239      1.526      0.127
    UF6                0.801      0.276      2.901      0.004

 POSEM    WITH
    FOP                0.000      0.000    999.000    999.000

 NEGEM    WITH
    FOP                0.000      0.000    999.000    999.000
    POSEM              0.000      0.000    999.000    999.000

 FLOW     WITH
    FOP                0.000      0.000    999.000    999.000
    POSEM              0.000      0.000    999.000    999.000
    NEGEM              0.000      0.000    999.000    999.000

 SELFDET  WITH
    FOP                0.000      0.000    999.000    999.000
    POSEM              0.000      0.000    999.000    999.000
    NEGEM              0.000      0.000    999.000    999.000
    FLOW               0.000      0.000    999.000    999.000

 PERSEFF  WITH
    FOP                0.000      0.000    999.000    999.000
    POSEM              0.000      0.000    999.000    999.000
    NEGEM              0.000      0.000    999.000    999.000
    FLOW               0.000      0.000    999.000    999.000
    SELFDET            0.000      0.000    999.000    999.000

 STRENGTH WITH
    FOP                0.000      0.000    999.000    999.000
    POSEM              0.000      0.000    999.000    999.000
    NEGEM              0.000      0.000    999.000    999.000
    FLOW               0.000      0.000    999.000    999.000
    SELFDET            0.000      0.000    999.000    999.000
    PERSEFF            0.000      0.000    999.000    999.000

 Intercepts
    PE11               2.465      0.050     49.180      0.000
    PE14               3.676      0.098     37.439      0.000
    PE15               3.266      0.091     35.848      0.000
    PE3                1.548      0.030     51.347      0.000
    PE6                1.559      0.031     50.006      0.000
    PE10               1.677      0.030     55.911      0.000
    FLUX2              3.396      0.098     34.594      0.000
    FLUX5              3.666      0.117     31.217      0.000
    FLUX6              3.693      0.114     32.319      0.000
    FLUX7              4.026      0.126     31.966      0.000
    FLUX8              4.156      0.137     30.368      0.000
    AD2                3.988      0.125     31.931      0.000
    AD3                3.647      0.120     30.334      0.000
    AD5                3.416      0.104     32.969      0.000
    AD10               2.840      0.079     35.950      0.000
    EFP3               4.638      0.144     32.117      0.000
    EFP5               5.079      0.164     30.873      0.000
    EFP6               4.489      0.138     32.443      0.000
    EFP7               5.016      0.147     34.149      0.000
    EFP8               5.335      0.168     31.701      0.000
    UF2                6.030      0.189     31.920      0.000
    UF3                5.231      0.193     27.113      0.000
    UF4                5.294      0.187     28.336      0.000
    UF6                4.641      0.161     28.908      0.000

 Variances
    FOP                1.000      0.000    999.000    999.000
    POSEM              1.000      0.000    999.000    999.000
    NEGEM              1.000      0.000    999.000    999.000
    FLOW               1.000      0.000    999.000    999.000
    SELFDET            1.000      0.000    999.000    999.000
    PERSEFF            1.000      0.000    999.000    999.000
    STRENGTH           1.000      0.000    999.000    999.000

 Residual Variances
    PE11               0.521      0.036     14.610      0.000
    PE14               0.144      0.041      3.544      0.000
    PE15               0.502      0.039     12.868      0.000
    PE3                0.516      0.045     11.468      0.000
    PE6                0.362      0.050      7.287      0.000
    PE10               0.515      0.043     11.970      0.000
    FLUX2              0.508      0.036     14.020      0.000
    FLUX5              0.310      0.032      9.799      0.000
    FLUX6              0.457      0.033     13.755      0.000
    FLUX7              0.293      0.032      9.137      0.000
    FLUX8              0.345      0.031     11.288      0.000
    AD2                0.373      0.037      9.937      0.000
    AD3                0.597      0.036     16.589      0.000
    AD5                0.544      0.033     16.329      0.000
    AD10               0.427      0.041     10.361      0.000
    EFP3               0.540      0.037     14.617      0.000
    EFP5               0.319      0.027     11.618      0.000
    EFP6               0.323      0.024     13.550      0.000
    EFP7               0.320      0.037      8.710      0.000
    EFP8               0.259      0.024     10.630      0.000
    UF2                0.558      0.056     10.038      0.000
    UF3                0.256      0.071      3.618      0.000
    UF4                0.521      0.051     10.204      0.000
    UF6                0.100      0.475      0.210      0.834


R-SQUARE

    Observed                                        Two-Tailed
    Variable        Estimate       S.E.  Est./S.E.    P-Value

    PE11               0.479      0.036     13.407      0.000
    PE14               0.856      0.041     21.134      0.000
    PE15               0.498      0.039     12.762      0.000
    PE3                0.484      0.045     10.739      0.000
    PE6                0.638      0.050     12.855      0.000
    PE10               0.485      0.043     11.269      0.000
    FLUX2              0.492      0.036     13.594      0.000
    FLUX5              0.690      0.032     21.761      0.000
    FLUX6              0.543      0.033     16.345      0.000
    FLUX7              0.707      0.032     22.090      0.000
    FLUX8              0.655      0.031     21.450      0.000
    AD2                0.627      0.037     16.734      0.000
    AD3                0.403      0.036     11.202      0.000
    AD5                0.456      0.033     13.686      0.000
    AD10               0.573      0.041     13.906      0.000
    EFP3               0.460      0.037     12.453      0.000
    EFP5               0.681      0.027     24.753      0.000
    EFP6               0.677      0.024     28.361      0.000
    EFP7               0.680      0.037     18.468      0.000
    EFP8               0.741      0.024     30.386      0.000
    UF2                0.442      0.056      7.951      0.000
    UF3                0.744      0.071     10.526      0.000
    UF4                0.479      0.051      9.392      0.000
    UF6                0.900      0.475      1.894      0.058


QUALITY OF NUMERICAL RESULTS

     Condition Number for the Information Matrix              0.157E-05
       (ratio of smallest to largest eigenvalue)


RESIDUAL OUTPUT


     ESTIMATED MODEL AND RESIDUALS (OBSERVED - ESTIMATED)


           Model Estimated Means/Intercepts/Thresholds
              PE11          PE14          PE15          PE3           PE6
              ________      ________      ________      ________      ________
      1         3.565         4.386         4.473         1.835         1.826


           Model Estimated Means/Intercepts/Thresholds
              PE10          FLUX2         FLUX5         FLUX6         FLUX7
              ________      ________      ________      ________      ________
      1         2.163         4.453         4.656         4.639         4.738


           Model Estimated Means/Intercepts/Thresholds
              FLUX8         AD2           AD3           AD5           AD10
              ________      ________      ________      ________      ________
      1         4.782         4.564         4.573         4.541         3.964


           Model Estimated Means/Intercepts/Thresholds
              EFP3          EFP5          EFP6          EFP7          EFP8
              ________      ________      ________      ________      ________
      1         4.663         4.867         4.716         4.724         4.840


           Model Estimated Means/Intercepts/Thresholds
              UF2           UF3           UF4           UF6
              ________      ________      ________      ________
      1         5.029         4.939         4.919         4.741


           Residuals for Means/Intercepts/Thresholds
              PE11          PE14          PE15          PE3           PE6
              ________      ________      ________      ________      ________
      1         0.001         0.000         0.000        -0.001         0.000


           Residuals for Means/Intercepts/Thresholds
              PE10          FLUX2         FLUX5         FLUX6         FLUX7
              ________      ________      ________      ________      ________
      1        -0.001         0.000         0.000         0.000         0.000


           Residuals for Means/Intercepts/Thresholds
              FLUX8         AD2           AD3           AD5           AD10
              ________      ________      ________      ________      ________
      1         0.001        -0.001        -0.001         0.000         0.001


           Residuals for Means/Intercepts/Thresholds
              EFP3          EFP5          EFP6          EFP7          EFP8
              ________      ________      ________      ________      ________
      1         0.000         0.000         0.000         0.001         0.000


           Residuals for Means/Intercepts/Thresholds
              UF2           UF3           UF4           UF6
              ________      ________      ________      ________
      1         0.000         0.001         0.000         0.000


           Standardized Residuals (z-scores) for Means/Intercepts/Thresholds
              PE11          PE14          PE15          PE3           PE6
              ________      ________      ________      ________      ________
      1       999.000       999.000       999.000       999.000       999.000


           Standardized Residuals (z-scores) for Means/Intercepts/Thresholds
              PE10          FLUX2         FLUX5         FLUX6         FLUX7
              ________      ________      ________      ________      ________
      1        -1.366       999.000        -0.137       999.000         0.050


           Standardized Residuals (z-scores) for Means/Intercepts/Thresholds
              FLUX8         AD2           AD3           AD5           AD10
              ________      ________      ________      ________      ________
      1       999.000        -0.614        -0.499       999.000       999.000


           Standardized Residuals (z-scores) for Means/Intercepts/Thresholds
              EFP3          EFP5          EFP6          EFP7          EFP8
              ________      ________      ________      ________      ________
      1        -0.506       999.000         0.000       999.000        -0.203


           Standardized Residuals (z-scores) for Means/Intercepts/Thresholds
              UF2           UF3           UF4           UF6
              ________      ________      ________      ________
      1        -0.278       999.000         0.166         0.082


           Normalized Residuals for Means/Intercepts/Thresholds
              PE11          PE14          PE15          PE3           PE6
              ________      ________      ________      ________      ________
      1         0.020         0.004         0.011        -0.019         0.008


           Normalized Residuals for Means/Intercepts/Thresholds
              PE10          FLUX2         FLUX5         FLUX6         FLUX7
              ________      ________      ________      ________      ________
      1        -0.025         0.012        -0.009        -0.009         0.003


           Normalized Residuals for Means/Intercepts/Thresholds
              FLUX8         AD2           AD3           AD5           AD10
              ________      ________      ________      ________      ________
      1         0.019        -0.017        -0.029         0.005         0.015


           Normalized Residuals for Means/Intercepts/Thresholds
              EFP3          EFP5          EFP6          EFP7          EFP8
              ________      ________      ________      ________      ________
      1        -0.006         0.007         0.000         0.021        -0.005


           Normalized Residuals for Means/Intercepts/Thresholds
              UF2           UF3           UF4           UF6
              ________      ________      ________      ________
      1        -0.002         0.024         0.007         0.004


           Model Estimated Covariances/Correlations/Residual Correlations
              PE11          PE14          PE15          PE3           PE6
              ________      ________      ________      ________      ________
 PE11           2.091
 PE14           1.063         1.423
 PE15           0.907         1.061         1.875
 PE3           -0.147        -0.165        -0.093         1.405
 PE6           -0.121        -0.148        -0.075         0.745         1.372
 PE10          -0.236        -0.248        -0.156         0.707         0.822
 FLUX2          0.577         0.614         0.516        -0.133        -0.034
 FLUX5          0.616         0.662         0.547        -0.274        -0.182
 FLUX6          0.481         0.537         0.452        -0.202        -0.163
 FLUX7          0.509         0.546         0.459        -0.108        -0.015
 FLUX8          0.494         0.522         0.432        -0.192        -0.101
 AD2            0.397         0.339         0.245        -0.222        -0.288
 AD3            0.454         0.392         0.304        -0.125        -0.151
 AD5            0.500         0.429         0.323        -0.240        -0.278
 AD10           0.455         0.344         0.244        -0.106        -0.174
 EFP3           0.321         0.297         0.240        -0.152        -0.071
 EFP5           0.373         0.325         0.257        -0.195        -0.077
 EFP6           0.436         0.377         0.293        -0.223        -0.093
 EFP7           0.390         0.344         0.276        -0.144        -0.024
 EFP8           0.395         0.349         0.278        -0.183        -0.065
 UF2            0.173         0.165         0.144        -0.070        -0.057
 UF3            0.267         0.265         0.228        -0.136        -0.142
 UF4            0.285         0.269         0.233        -0.088        -0.075
 UF6            0.433         0.284         0.214        -0.089        -0.072


           Model Estimated Covariances/Correlations/Residual Correlations
              PE10          FLUX2         FLUX5         FLUX6         FLUX7
              ________      ________      ________      ________      ________
 PE10           1.663
 FLUX2         -0.121         1.720
 FLUX5         -0.273         0.952         1.612
 FLUX6         -0.219         0.803         0.934         1.578
 FLUX7         -0.104         0.890         1.019         0.886         1.385
 FLUX8         -0.173         0.845         0.973         0.833         0.910
 AD2           -0.337         0.350         0.367         0.362         0.300
 AD3           -0.198         0.374         0.368         0.363         0.324
 AD5           -0.327         0.431         0.451         0.429         0.378
 AD10          -0.245         0.304         0.274         0.288         0.232
 EFP3          -0.081         0.465         0.490         0.414         0.435
 EFP5          -0.092         0.438         0.455         0.325         0.370
 EFP6          -0.127         0.498         0.520         0.355         0.416
 EFP7          -0.046         0.420         0.422         0.294         0.345
 EFP8          -0.086         0.425         0.437         0.301         0.350
 UF2           -0.030         0.237         0.243         0.278         0.243
 UF3           -0.103         0.366         0.380         0.447         0.374
 UF4           -0.058         0.242         0.250         0.275         0.241
 UF6           -0.118         0.333         0.365         0.349         0.361


           Model Estimated Covariances/Correlations/Residual Correlations
              FLUX8         AD2           AD3           AD5           AD10
              ________      ________      ________      ________      ________
 FLUX8          1.324
 AD2            0.321         1.310
 AD3            0.340         0.680         1.572
 AD5            0.406         0.780         0.707         1.768
 AD10           0.250         0.927         0.800         0.892         1.949
 EFP3           0.467         0.295         0.355         0.404         0.307
 EFP5           0.429         0.232         0.326         0.376         0.252
 EFP6           0.480         0.315         0.387         0.450         0.344
 EFP7           0.400         0.232         0.330         0.373         0.269
 EFP8           0.409         0.228         0.322         0.370         0.255
 UF2            0.255         0.141         0.229         0.248         0.158
 UF3            0.392         0.317         0.405         0.446         0.344
 UF4            0.256         0.105         0.232         0.251         0.136
 UF6            0.358         0.190         0.355         0.392         0.301


           Model Estimated Covariances/Correlations/Residual Correlations
              EFP3          EFP5          EFP6          EFP7          EFP8
              ________      ________      ________      ________      ________
 EFP3           1.011
 EFP5           0.508         0.918
 EFP6           0.544         0.674         1.104
 EFP7           0.492         0.611         0.662         0.887
 EFP8           0.493         0.616         0.668         0.605         0.823
 UF2            0.295         0.289         0.267         0.275         0.270
 UF3            0.431         0.392         0.368         0.371         0.365
 UF4            0.310         0.330         0.303         0.317         0.315
 UF6            0.350         0.399         0.386         0.384         0.386


           Model Estimated Covariances/Correlations/Residual Correlations
              UF2           UF3           UF4           UF6
              ________      ________      ________      ________
 UF2            0.696
 UF3            0.443         0.891
 UF4            0.341         0.474         0.863
 UF6            0.382         0.510         0.517         1.044


           Residuals for Covariances/Correlations/Residual Correlations
              PE11          PE14          PE15          PE3           PE6
              ________      ________      ________      ________      ________
 PE11           0.000
 PE14           0.001         0.000
 PE15          -0.009         0.000        -0.001
 PE3            0.040        -0.003        -0.003         0.000
 PE6           -0.011         0.005        -0.009         0.004        -0.002
 PE10          -0.013        -0.002         0.016        -0.014         0.003
 FLUX2          0.020        -0.013         0.034         0.024        -0.020
 FLUX5         -0.018        -0.001         0.003        -0.012         0.018
 FLUX6          0.068        -0.008         0.010         0.035        -0.007
 FLUX7         -0.014         0.002        -0.007        -0.008        -0.012
 FLUX8         -0.022         0.007        -0.014        -0.005         0.014
 AD2           -0.016         0.002         0.002         0.002         0.007
 AD3            0.013        -0.005         0.029        -0.045         0.021
 AD5            0.021         0.008        -0.053        -0.042         0.010
 AD10          -0.007        -0.001         0.013         0.034        -0.024
 EFP3           0.030        -0.003        -0.009         0.003         0.010
 EFP5           0.015        -0.003         0.012         0.007        -0.016
 EFP6           0.014        -0.004         0.004         0.009         0.010
 EFP7          -0.044         0.005         0.018        -0.006         0.006
 EFP8           0.009         0.001        -0.021        -0.003        -0.003
 UF2            0.019        -0.001        -0.012         0.012        -0.013
 UF3           -0.019         0.002         0.004         0.002         0.001
 UF4           -0.002        -0.001         0.000        -0.013         0.015
 UF6            0.000         0.000         0.002         0.000         0.001


           Residuals for Covariances/Correlations/Residual Correlations
              PE10          FLUX2         FLUX5         FLUX6         FLUX7
              ________      ________      ________      ________      ________
 PE10           0.001
 FLUX2          0.027        -0.001
 FLUX5         -0.007         0.075         0.003
 FLUX6         -0.009        -0.068         0.032        -0.001
 FLUX7          0.026        -0.023        -0.035         0.032         0.000
 FLUX8         -0.027        -0.003        -0.012        -0.047         0.032
 AD2           -0.016        -0.002        -0.004         0.006        -0.001
 AD3            0.011         0.030         0.043        -0.043         0.000
 AD5            0.053         0.003         0.030         0.015        -0.026
 AD10          -0.008        -0.012        -0.037         0.000         0.022
 EFP3          -0.011        -0.002         0.000         0.018        -0.017
 EFP5           0.017        -0.020        -0.013         0.023         0.003
 EFP6          -0.019         0.009         0.027        -0.026        -0.005
 EFP7          -0.009        -0.008        -0.018        -0.010         0.016
 EFP8           0.006         0.004         0.001         0.013        -0.004
 UF2            0.020         0.010        -0.006         0.016         0.002
 UF3           -0.007         0.003        -0.004         0.005        -0.004
 UF4           -0.006         0.008         0.022        -0.036         0.001
 UF6            0.000        -0.002         0.001         0.001         0.001


           Residuals for Covariances/Correlations/Residual Correlations
              FLUX8         AD2           AD3           AD5           AD10
              ________      ________      ________      ________      ________
 FLUX8         -0.001
 AD2            0.004         0.000
 AD3           -0.027        -0.026         0.002
 AD5           -0.020         0.024         0.006         0.001
 AD10           0.021         0.001         0.038        -0.036         0.000
 EFP3           0.007        -0.006        -0.009         0.026        -0.009
 EFP5           0.005        -0.007         0.008        -0.009         0.010
 EFP6          -0.009         0.017        -0.008         0.009        -0.021
 EFP7           0.006         0.014        -0.016        -0.021         0.002
 EFP8          -0.003        -0.015         0.007         0.008         0.014
 UF2           -0.001         0.025        -0.017        -0.005        -0.016
 UF3            0.007        -0.010         0.019         0.001         0.002
 UF4           -0.007         0.008         0.004        -0.003        -0.008
 UF6            0.000        -0.001         0.000         0.003         0.000


           Residuals for Covariances/Correlations/Residual Correlations
              EFP3          EFP5          EFP6          EFP7          EFP8
              ________      ________      ________      ________      ________
 EFP3           0.001
 EFP5           0.018         0.000
 EFP6          -0.002         0.002         0.000
 EFP7          -0.005        -0.005         0.003         0.000
 EFP8          -0.007         0.002        -0.006         0.006         0.001
 UF2           -0.016         0.004         0.005        -0.022         0.015
 UF3            0.009        -0.005         0.000         0.011        -0.006
 UF4           -0.006        -0.007         0.015        -0.008        -0.002
 UF6            0.000         0.001         0.000         0.004        -0.001


           Residuals for Covariances/Correlations/Residual Correlations
              UF2           UF3           UF4           UF6
              ________      ________      ________      ________
 UF2            0.000
 UF3           -0.007         0.000
 UF4            0.024        -0.002        -0.001
 UF6           -0.001         0.001        -0.001         0.001


           Standardized Residuals (z-scores) for Covariances/Correlations/Residual Corr
              PE11          PE14          PE15          PE3           PE6
              ________      ________      ________      ________      ________
 PE11         999.000
 PE14         999.000       999.000
 PE15          -1.459       999.000       999.000
 PE3            1.892       999.000        -0.134        -0.314
 PE6           -0.595         1.227        -0.421       999.000       999.000
 PE10          -0.567        -0.298         0.591        -1.216       999.000
 FLUX2          0.599        -2.371         1.284         1.592        -1.457
 FLUX5         -0.711        -0.118         0.150        -0.813         1.897
 FLUX6          2.882        -1.521         0.329         2.097        -0.671
 FLUX7         -0.845         0.355        -0.332        -0.739        -2.063
 FLUX8         -2.696         1.361        -0.734        -0.305         1.240
 AD2           -0.986       999.000         0.118         0.237         0.491
 AD3            0.501        -0.480         0.884        -1.856         1.347
 AD5            0.706         2.143        -1.850        -1.629         0.626
 AD10          -0.380        -0.348         0.646         2.853        -1.258
 EFP3           1.720        -2.795        -0.408         0.148         0.736
 EFP5           1.016        -0.634         0.805         0.457        -1.508
 EFP6           0.734        -1.077         0.248         0.710         1.492
 EFP7          -4.230       999.000         1.457        -0.487       999.000
 EFP8           0.785       999.000        -1.422        -0.283       999.000
 UF2            1.205        -0.183        -0.794         1.014        -1.112
 UF3          999.000       999.000         0.358         0.458         0.249
 UF4          999.000        -0.154         0.017        -0.952         1.792
 UF6            0.344       999.000       999.000       999.000       999.000


           Standardized Residuals (z-scores) for Covariances/Correlations/Residual Corr
              PE10          FLUX2         FLUX5         FLUX6         FLUX7
              ________      ________      ________      ________      ________
 PE10           0.178
 FLUX2          0.875       999.000
 FLUX5         -0.486         5.174         0.917
 FLUX6         -0.476        -2.338         2.322       999.000
 FLUX7          1.882        -1.207        -1.968         1.667       999.000
 FLUX8         -1.450        -0.158        -1.135        -1.929       999.000
 AD2           -1.220        -0.106        -0.249         0.554        -0.083
 AD3            0.383         0.998         2.919        -1.820         0.016
 AD5            1.909         0.127         1.709         0.567        -1.760
 AD10          -0.408        -0.761       999.000        -0.016         1.624
 EFP3          -0.510        -0.089         0.006         0.739        -1.149
 EFP5           1.501        -1.755        -1.500         1.971         0.266
 EFP6          -1.793         0.540         1.742        -2.180        -0.359
 EFP7          -0.775        -0.574        -1.445        -1.277       999.000
 EFP8           0.733         0.329         0.122         1.460        -0.481
 UF2            6.417         0.543        -0.617         3.748         0.189
 UF3           -0.701         0.429       999.000         0.569        -1.118
 UF4           -0.771         0.480         2.573        -3.255         0.158
 UF6          999.000       999.000       999.000       999.000       999.000


           Standardized Residuals (z-scores) for Covariances/Correlations/Residual Corr
              FLUX8         AD2           AD3           AD5           AD10
              ________      ________      ________      ________      ________
 FLUX8        999.000
 AD2            0.301       999.000
 AD3           -1.353        -1.352         0.485
 AD5           -1.247       999.000         0.201         0.121
 AD10           1.211         0.103         2.477        -1.630         0.082
 EFP3           0.483        -0.457        -0.419         1.070        -0.410
 EFP5           0.529        -0.588         0.486        -0.552         0.610
 EFP6          -0.701         1.451        -1.460         0.558        -1.811
 EFP7           0.480         1.153        -1.107        -1.974         0.356
 EFP8          -0.607        -1.558         0.738         0.653         2.175
 UF2           -0.128         2.614        -0.977        -0.402        -1.270
 UF3           16.660       999.000         1.618         0.085         0.373
 UF4           -0.745       999.000         0.243        -0.150        -0.429
 UF6          999.000       999.000       999.000       999.000       999.000


           Standardized Residuals (z-scores) for Covariances/Correlations/Residual Corr
              EFP3          EFP5          EFP6          EFP7          EFP8
              ________      ________      ________      ________      ________
 EFP3           0.237
 EFP5           1.451         0.419
 EFP6          -0.120         0.264       999.000
 EFP7          -0.379        -2.257         0.222       999.000
 EFP8          -0.801         0.295        -0.755       999.000         0.568
 UF2           -1.303         0.259         0.477        -1.984         1.898
 UF3          999.000        -1.057       999.000       999.000       999.000
 UF4           -0.479        -0.597         1.034        -0.728        -0.181
 UF6            0.000       999.000       999.000       999.000       999.000


           Standardized Residuals (z-scores) for Covariances/Correlations/Residual Corr
              UF2           UF3           UF4           UF6
              ________      ________      ________      ________
 UF2            0.122
 UF3          999.000        -0.059
 UF4          999.000        -0.188       999.000
 UF6          999.000       999.000       999.000       999.000


           Normalized Residuals for Covariances/Correlations/Residual Correlations
              PE11          PE14          PE15          PE3           PE6
              ________      ________      ________      ________      ________
 PE11          -0.006
 PE14           0.009        -0.007
 PE15          -0.136        -0.008        -0.013
 PE3            0.671        -0.050        -0.046        -0.003
 PE6           -0.183         0.110        -0.166         0.051        -0.028
 PE10          -0.203        -0.039         0.261        -0.200         0.040
 FLUX2          0.298        -0.216         0.523         0.484        -0.397
 FLUX5         -0.287        -0.015         0.051        -0.218         0.374
 FLUX6          1.123        -0.149         0.154         0.684        -0.145
 FLUX7         -0.247         0.032        -0.117        -0.167        -0.289
 FLUX8         -0.404         0.117        -0.236        -0.101         0.311
 AD2           -0.282         0.038         0.037         0.035         0.147
 AD3            0.209        -0.090         0.462        -0.858         0.414
 AD5            0.326         0.156        -0.868        -0.742         0.189
 AD10          -0.104        -0.024         0.202         0.609        -0.424
 EFP3           0.626        -0.066        -0.189         0.063         0.245
 EFP5           0.327        -0.078         0.249         0.164        -0.375
 EFP6           0.280        -0.093         0.071         0.189         0.228
 EFP7          -0.967         0.114         0.396        -0.143         0.140
 EFP8           0.200         0.025        -0.449        -0.077        -0.077
 UF2            0.475        -0.026        -0.307         0.373        -0.347
 UF3           -0.427         0.039         0.085         0.061         0.030
 UF4           -0.038        -0.017         0.007        -0.362         0.392
 UF6            0.010         0.000         0.031         0.011         0.031


           Normalized Residuals for Covariances/Correlations/Residual Correlations
              PE10          FLUX2         FLUX5         FLUX6         FLUX7
              ________      ________      ________      ________      ________
 PE10           0.010
 FLUX2          0.454        -0.011
 FLUX5         -0.121         1.079         0.033
 FLUX6         -0.171        -1.001         0.457        -0.008
 FLUX7          0.506        -0.361        -0.508         0.487        -0.006
 FLUX8         -0.535        -0.039        -0.181        -0.713         0.485
 AD2           -0.311        -0.029        -0.067         0.110        -0.021
 AD3            0.196         0.461         0.725        -0.743         0.005
 AD5            0.905         0.052         0.509         0.250        -0.484
 AD10          -0.128        -0.186        -0.602        -0.004         0.385
 EFP3          -0.249        -0.043         0.002         0.358        -0.382
 EFP5           0.448        -0.443        -0.303         0.530         0.067
 EFP6          -0.435         0.166         0.496        -0.531        -0.107
 EFP7          -0.228        -0.179        -0.408        -0.229         0.404
 EFP8           0.163         0.085         0.023         0.315        -0.107
 UF2            0.586         0.231        -0.153         0.374         0.039
 UF3           -0.164         0.071        -0.094         0.097        -0.097
 UF4           -0.157         0.178         0.485        -0.839         0.025
 UF6            0.003        -0.044         0.015         0.013         0.018


           Normalized Residuals for Covariances/Correlations/Residual Correlations
              FLUX8         AD2           AD3           AD5           AD10
              ________      ________      ________      ________      ________
 FLUX8         -0.014
 AD2            0.083        -0.001
 AD3           -0.479        -0.428         0.029
 AD5           -0.380         0.383         0.090         0.006
 AD10           0.375         0.019         0.520        -0.499         0.003
 EFP3           0.162        -0.141        -0.194         0.517        -0.172
 EFP5           0.117        -0.181         0.169        -0.193         0.215
 EFP6          -0.173         0.374        -0.176         0.183        -0.399
 EFP7           0.142         0.342        -0.341        -0.490         0.052
 EFP8          -0.079        -0.381         0.147         0.172         0.302
 UF2           -0.033         0.698        -0.419        -0.126        -0.391
 UF3            0.143        -0.250         0.363         0.026         0.044
 UF4           -0.156         0.206         0.093        -0.055        -0.161
 UF6           -0.005        -0.016         0.008         0.050        -0.009


           Normalized Residuals for Covariances/Correlations/Residual Correlations
              EFP3          EFP5          EFP6          EFP7          EFP8
              ________      ________      ________      ________      ________
 EFP3           0.010
 EFP5           0.422         0.009
 EFP6          -0.033         0.053         0.002
 EFP7          -0.113        -0.115         0.063        -0.006
 EFP8          -0.173         0.040        -0.136         0.148         0.019
 UF2           -0.440         0.109         0.147        -0.667         0.491
 UF3            0.201        -0.142         0.009         0.290        -0.169
 UF4           -0.148        -0.198         0.367        -0.228        -0.054
 UF6            0.000         0.021        -0.007         0.094        -0.014


           Normalized Residuals for Covariances/Correlations/Residual Correlations
              UF2           UF3           UF4           UF6
              ________      ________      ________      ________
 UF2            0.002
 UF3           -0.172        -0.001
 UF4            0.671        -0.033        -0.009
 UF6           -0.028         0.022        -0.011         0.011


MODEL MODIFICATION INDICES

Minimum M.I. value for printing the modification index    10.000

                            M.I.     E.P.C.  Std E.P.C.  StdYX E.P.C.

ON/BY Statements

PE14     ON PERSEFF  /
PERSEFF  BY PE14          999.000     0.000      0.000        0.000
PE14     ON STRENGTH /
STRENGTH BY PE14          999.000     0.000      0.000        0.000
PE15     ON PERSEFF  /
PERSEFF  BY PE15          999.000     0.000      0.000        0.000
PE15     ON STRENGTH /
STRENGTH BY PE15          999.000     0.000      0.000        0.000

ON Statements

FLUX2    ON FLUX5          16.879     0.251      0.251        0.243
FLUX5    ON FLUX2          16.877     0.144      0.144        0.149
FLUX5    ON FLUX7          15.485    -0.291     -0.291       -0.270
FLUX7    ON FLUX5          15.488    -0.236     -0.236       -0.255
FLUX7    ON FLUX8          13.268     0.214      0.214        0.209
FLUX8    ON FLUX7          13.266     0.241      0.241        0.247

WITH Statements

PE14     WITH PERSEFF     999.000     0.000      0.000        0.000
PE14     WITH STRENGTH    999.000     0.000      0.000        0.000
PE15     WITH PERSEFF     999.000     0.000      0.000        0.000
PE15     WITH STRENGTH    999.000     0.000      0.000        0.000
FLUX5    WITH FLUX2        16.876     0.126      0.126        0.190
FLUX7    WITH FLUX5        15.488    -0.118     -0.118       -0.262
FLUX8    WITH FLUX7        13.268     0.098      0.098        0.227


TECHNICAL 4 OUTPUT


     ESTIMATES DERIVED FROM THE MODEL


           ESTIMATED MEANS FOR THE LATENT VARIABLES
              FOP           POSEM         NEGEM         FLOW          SELFDET
              ________      ________      ________      ________      ________
      1         0.000         0.000         0.000         0.000         0.000


           ESTIMATED MEANS FOR THE LATENT VARIABLES
              PERSEFF       STRENGTH      PE11          PE14          PE15
              ________      ________      ________      ________      ________
      1         0.000         0.000         3.565         4.386         4.473


           ESTIMATED MEANS FOR THE LATENT VARIABLES
              PE3           PE6           PE10          FLUX2         FLUX5
              ________      ________      ________      ________      ________
      1         1.835         1.826         2.163         4.453         4.656


           ESTIMATED MEANS FOR THE LATENT VARIABLES
              FLUX6         FLUX7         FLUX8         AD2           AD3
              ________      ________      ________      ________      ________
      1         4.639         4.738         4.782         4.564         4.573


           ESTIMATED MEANS FOR THE LATENT VARIABLES
              AD5           AD10          EFP3          EFP5          EFP6
              ________      ________      ________      ________      ________
      1         4.541         3.964         4.663         4.867         4.716


           ESTIMATED MEANS FOR THE LATENT VARIABLES
              EFP7          EFP8          UF2           UF3           UF4
              ________      ________      ________      ________      ________
      1         4.724         4.840         5.029         4.939         4.919


           ESTIMATED MEANS FOR THE LATENT VARIABLES
              UF6
              ________
      1         4.741


           ESTIMATED COVARIANCE MATRIX FOR THE LATENT VARIABLES
              FOP           POSEM         NEGEM         FLOW          SELFDET
              ________      ________      ________      ________      ________
 FOP            1.000
 POSEM          0.000         1.000
 NEGEM          0.000         0.000         1.000
 FLOW           0.000         0.000         0.000         1.000
 SELFDET        0.000         0.000         0.000         0.000         1.000
 PERSEFF        0.000         0.000         0.000         0.000         0.000
 STRENGTH       0.000         0.000         0.000         0.000         0.000
 PE11           0.553         0.784        -0.027         0.151         0.175
 PE14           0.608         0.906        -0.040         0.140         0.027
 PE15           0.522         0.799         0.024         0.098        -0.032
 PE3           -0.244         0.022         0.779        -0.024         0.008
 PE6           -0.208         0.014         0.903         0.058        -0.076
 PE10          -0.195        -0.091         0.854        -0.059        -0.159
 FLUX2          0.652         0.145         0.065         0.617         0.033
 FLUX5          0.694         0.141        -0.101         0.769        -0.009
 FLUX6          0.679         0.036        -0.047         0.607         0.010
 FLUX7          0.628         0.068         0.078         0.758        -0.018
 FLUX8          0.654         0.036        -0.012         0.658        -0.016
 AD2            0.467         0.016        -0.144         0.040         0.754
 AD3            0.545         0.057         0.003        -0.016         0.574
 AD5            0.612         0.041        -0.120         0.015         0.640
 AD10           0.463         0.051        -0.004        -0.060         0.947
 EFP3           0.611        -0.085         0.033         0.078         0.032
 EFP5           0.594        -0.021        -0.004         0.007        -0.028
 EFP6           0.609         0.013        -0.022         0.057         0.063
 EFP7           0.572         0.019         0.053        -0.017        -0.004
 EFP8           0.570         0.023         0.004        -0.004        -0.017
 UF2            0.490        -0.114         0.049        -0.084        -0.075
 UF3            0.746        -0.175         0.032        -0.116        -0.002
 UF4            0.518         0.000         0.025        -0.120        -0.123
 UF6            0.490         0.042         0.003         0.063         0.066


           ESTIMATED COVARIANCE MATRIX FOR THE LATENT VARIABLES
              PERSEFF       STRENGTH      PE11          PE14          PE15
              ________      ________      ________      ________      ________
 PERSEFF        1.000
 STRENGTH       0.000         1.000
 PE11           0.114         0.112         2.091
 PE14          -0.027        -0.073         1.063         1.423
 PE15          -0.064        -0.087         0.907         1.061         1.875
 PE3           -0.093         0.051        -0.147        -0.165        -0.093
 PE6            0.090         0.019        -0.121        -0.148        -0.075
 PE10           0.041        -0.015        -0.236        -0.248        -0.156
 FLUX2          0.103        -0.059         0.577         0.614         0.516
 FLUX5          0.082        -0.049         0.616         0.662         0.547
 FLUX6         -0.158        -0.002         0.481         0.537         0.452
 FLUX7         -0.013         0.007         0.509         0.546         0.459
 FLUX8          0.073        -0.017         0.494         0.522         0.432
 AD2           -0.039        -0.106         0.397         0.339         0.245
 AD3            0.032         0.053         0.454         0.392         0.304
 AD5            0.055         0.048         0.500         0.429         0.323
 AD10           0.010         0.013         0.455         0.344         0.244
 EFP3           0.276         0.010         0.321         0.297         0.240
 EFP5           0.518         0.046         0.373         0.325         0.257
 EFP6           0.607        -0.007         0.436         0.377         0.293
 EFP7           0.521         0.039         0.390         0.344         0.276
 EFP8           0.532         0.040         0.395         0.349         0.278
 UF2           -0.029         0.197         0.173         0.165         0.144
 UF3           -0.123         0.215         0.267         0.265         0.228
 UF4            0.007         0.339         0.285         0.269         0.233
 UF6            0.139         0.818         0.433         0.284         0.214


           ESTIMATED COVARIANCE MATRIX FOR THE LATENT VARIABLES
              PE3           PE6           PE10          FLUX2         FLUX5
              ________      ________      ________      ________      ________
 PE3            1.405
 PE6            0.745         1.372
 PE10           0.707         0.822         1.663
 FLUX2         -0.133        -0.034        -0.121         1.720
 FLUX5         -0.274        -0.182        -0.273         0.952         1.612
 FLUX6         -0.202        -0.163        -0.219         0.803         0.934
 FLUX7         -0.108        -0.015        -0.104         0.890         1.019
 FLUX8         -0.192        -0.101        -0.173         0.845         0.973
 AD2           -0.222        -0.288        -0.337         0.350         0.367
 AD3           -0.125        -0.151        -0.198         0.374         0.368
 AD5           -0.240        -0.278        -0.327         0.431         0.451
 AD10          -0.106        -0.174        -0.245         0.304         0.274
 EFP3          -0.152        -0.071        -0.081         0.465         0.490
 EFP5          -0.195        -0.077        -0.092         0.438         0.455
 EFP6          -0.223        -0.093        -0.127         0.498         0.520
 EFP7          -0.144        -0.024        -0.046         0.420         0.422
 EFP8          -0.183        -0.065        -0.086         0.425         0.437
 UF2           -0.070        -0.057        -0.030         0.237         0.243
 UF3           -0.136        -0.142        -0.103         0.366         0.380
 UF4           -0.088        -0.075        -0.058         0.242         0.250
 UF6           -0.089        -0.072        -0.118         0.333         0.365


           ESTIMATED COVARIANCE MATRIX FOR THE LATENT VARIABLES
              FLUX6         FLUX7         FLUX8         AD2           AD3
              ________      ________      ________      ________      ________
 FLUX6          1.578
 FLUX7          0.886         1.385
 FLUX8          0.833         0.910         1.324
 AD2            0.362         0.300         0.321         1.310
 AD3            0.363         0.324         0.340         0.680         1.572
 AD5            0.429         0.378         0.406         0.780         0.707
 AD10           0.288         0.232         0.250         0.927         0.800
 EFP3           0.414         0.435         0.467         0.295         0.355
 EFP5           0.325         0.370         0.429         0.232         0.326
 EFP6           0.355         0.416         0.480         0.315         0.387
 EFP7           0.294         0.345         0.400         0.232         0.330
 EFP8           0.301         0.350         0.409         0.228         0.322
 UF2            0.278         0.243         0.255         0.141         0.229
 UF3            0.447         0.374         0.392         0.317         0.405
 UF4            0.275         0.241         0.256         0.105         0.232
 UF6            0.349         0.361         0.358         0.190         0.355


           ESTIMATED COVARIANCE MATRIX FOR THE LATENT VARIABLES
              AD5           AD10          EFP3          EFP5          EFP6
              ________      ________      ________      ________      ________
 AD5            1.768
 AD10           0.892         1.949
 EFP3           0.404         0.307         1.011
 EFP5           0.376         0.252         0.508         0.918
 EFP6           0.450         0.344         0.544         0.674         1.104
 EFP7           0.373         0.269         0.492         0.611         0.662
 EFP8           0.370         0.255         0.493         0.616         0.668
 UF2            0.248         0.158         0.295         0.289         0.267
 UF3            0.446         0.344         0.431         0.392         0.368
 UF4            0.251         0.136         0.310         0.330         0.303
 UF6            0.392         0.301         0.350         0.399         0.386


           ESTIMATED COVARIANCE MATRIX FOR THE LATENT VARIABLES
              EFP7          EFP8          UF2           UF3           UF4
              ________      ________      ________      ________      ________
 EFP7           0.887
 EFP8           0.605         0.823
 UF2            0.275         0.270         0.696
 UF3            0.371         0.365         0.443         0.891
 UF4            0.317         0.315         0.341         0.474         0.863
 UF6            0.384         0.386         0.382         0.510         0.517


           ESTIMATED COVARIANCE MATRIX FOR THE LATENT VARIABLES
              UF6
              ________
 UF6            1.044


           ESTIMATED CORRELATION MATRIX FOR THE LATENT VARIABLES
              FOP           POSEM         NEGEM         FLOW          SELFDET
              ________      ________      ________      ________      ________
 FOP            1.000
 POSEM          0.000         1.000
 NEGEM          0.000         0.000         1.000
 FLOW           0.000         0.000         0.000         1.000
 SELFDET        0.000         0.000         0.000         0.000         1.000
 PERSEFF        0.000         0.000         0.000         0.000         0.000
 STRENGTH       0.000         0.000         0.000         0.000         0.000
 PE11           0.383         0.542        -0.019         0.105         0.121
 PE14           0.510         0.759        -0.034         0.118         0.023
 PE15           0.381         0.584         0.017         0.072        -0.023
 PE3           -0.206         0.018         0.657        -0.020         0.007
 PE6           -0.177         0.012         0.771         0.049        -0.065
 PE10          -0.151        -0.071         0.662        -0.045        -0.123
 FLUX2          0.497         0.110         0.050         0.470         0.026
 FLUX5          0.546         0.111        -0.079         0.606        -0.007
 FLUX6          0.540         0.029        -0.037         0.483         0.008
 FLUX7          0.533         0.058         0.067         0.644        -0.015
 FLUX8          0.568         0.032        -0.010         0.572        -0.014
 AD2            0.408         0.014        -0.126         0.035         0.659
 AD3            0.435         0.046         0.002        -0.013         0.458
 AD5            0.461         0.031        -0.090         0.011         0.481
 AD10           0.332         0.036        -0.003        -0.043         0.678
 EFP3           0.608        -0.084         0.033         0.077         0.032
 EFP5           0.620        -0.022        -0.004         0.007        -0.030
 EFP6           0.580         0.013        -0.021         0.055         0.060
 EFP7           0.607         0.020         0.056        -0.018        -0.004
 EFP8           0.628         0.025         0.004        -0.004        -0.018
 UF2            0.587        -0.137         0.059        -0.101        -0.089
 UF3            0.790        -0.186         0.033        -0.123        -0.002
 UF4            0.558         0.000         0.027        -0.129        -0.132
 UF6            0.480         0.042         0.003         0.061         0.065


           ESTIMATED CORRELATION MATRIX FOR THE LATENT VARIABLES
              PERSEFF       STRENGTH      PE11          PE14          PE15
              ________      ________      ________      ________      ________
 PERSEFF        1.000
 STRENGTH       0.000         1.000
 PE11           0.079         0.077         1.000
 PE14          -0.023        -0.061         0.616         1.000
 PE15          -0.047        -0.063         0.458         0.650         1.000
 PE3           -0.078         0.043        -0.085        -0.116        -0.057
 PE6            0.077         0.017        -0.072        -0.106        -0.047
 PE10           0.031        -0.012        -0.127        -0.161        -0.088
 FLUX2          0.078        -0.045         0.304         0.393         0.287
 FLUX5          0.065        -0.038         0.335         0.437         0.314
 FLUX6         -0.125        -0.002         0.265         0.359         0.263
 FLUX7         -0.011         0.006         0.299         0.389         0.285
 FLUX8          0.063        -0.015         0.297         0.380         0.274
 AD2           -0.034        -0.092         0.240         0.249         0.156
 AD3            0.026         0.042         0.250         0.262         0.177
 AD5            0.041         0.036         0.260         0.271         0.177
 AD10           0.007         0.010         0.226         0.207         0.128
 EFP3           0.275         0.010         0.221         0.248         0.174
 EFP5           0.541         0.048         0.269         0.285         0.196
 EFP6           0.578        -0.006         0.287         0.301         0.204
 EFP7           0.553         0.041         0.287         0.306         0.214
 EFP8           0.586         0.044         0.301         0.322         0.224
 UF2           -0.035         0.236         0.144         0.166         0.126
 UF3           -0.131         0.228         0.195         0.235         0.176
 UF4            0.008         0.365         0.212         0.243         0.183
 UF6            0.136         0.801         0.293         0.233         0.153


           ESTIMATED CORRELATION MATRIX FOR THE LATENT VARIABLES
              PE3           PE6           PE10          FLUX2         FLUX5
              ________      ________      ________      ________      ________
 PE3            1.000
 PE6            0.537         1.000
 PE10           0.462         0.544         1.000
 FLUX2         -0.085        -0.022        -0.071         1.000
 FLUX5         -0.182        -0.122        -0.167         0.572         1.000
 FLUX6         -0.135        -0.111        -0.135         0.488         0.586
 FLUX7         -0.077        -0.011        -0.068         0.576         0.682
 FLUX8         -0.141        -0.075        -0.117         0.560         0.666
 AD2           -0.164        -0.215        -0.229         0.233         0.252
 AD3           -0.084        -0.103        -0.123         0.227         0.231
 AD5           -0.152        -0.178        -0.191         0.247         0.267
 AD10          -0.064        -0.106        -0.136         0.166         0.155
 EFP3          -0.128        -0.060        -0.063         0.353         0.384
 EFP5          -0.171        -0.069        -0.075         0.349         0.374
 EFP6          -0.179        -0.076        -0.094         0.361         0.390
 EFP7          -0.129        -0.022        -0.038         0.340         0.353
 EFP8          -0.171        -0.061        -0.074         0.357         0.379
 UF2           -0.071        -0.058        -0.028         0.217         0.229
 UF3           -0.122        -0.129        -0.085         0.296         0.317
 UF4           -0.080        -0.069        -0.048         0.199         0.212
 UF6           -0.073        -0.060        -0.089         0.248         0.281


           ESTIMATED CORRELATION MATRIX FOR THE LATENT VARIABLES
              FLUX6         FLUX7         FLUX8         AD2           AD3
              ________      ________      ________      ________      ________
 FLUX6          1.000
 FLUX7          0.600         1.000
 FLUX8          0.576         0.672         1.000
 AD2            0.252         0.223         0.244         1.000
 AD3            0.230         0.220         0.236         0.474         1.000
 AD5            0.257         0.241         0.265         0.512         0.424
 AD10           0.164         0.141         0.156         0.580         0.457
 EFP3           0.328         0.368         0.403         0.256         0.281
 EFP5           0.270         0.328         0.390         0.211         0.271
 EFP6           0.269         0.336         0.397         0.262         0.294
 EFP7           0.249         0.311         0.369         0.215         0.279
 EFP8           0.264         0.328         0.392         0.220         0.283
 UF2            0.266         0.247         0.266         0.147         0.219
 UF3            0.377         0.337         0.361         0.293         0.342
 UF4            0.235         0.220         0.239         0.099         0.200
 UF6            0.272         0.300         0.305         0.162         0.277


           ESTIMATED CORRELATION MATRIX FOR THE LATENT VARIABLES
              AD5           AD10          EFP3          EFP5          EFP6
              ________      ________      ________      ________      ________
 AD5            1.000
 AD10           0.481         1.000
 EFP3           0.302         0.218         1.000
 EFP5           0.295         0.189         0.527         1.000
 EFP6           0.322         0.235         0.515         0.670         1.000
 EFP7           0.297         0.204         0.520         0.677         0.669
 EFP8           0.307         0.201         0.540         0.708         0.701
 UF2            0.224         0.135         0.352         0.361         0.305
 UF3            0.356         0.261         0.454         0.433         0.371
 UF4            0.203         0.105         0.331         0.371         0.310
 UF6            0.288         0.211         0.340         0.407         0.359


           ESTIMATED CORRELATION MATRIX FOR THE LATENT VARIABLES
              EFP7          EFP8          UF2           UF3           UF4
              ________      ________      ________      ________      ________
 EFP7           1.000
 EFP8           0.708         1.000
 UF2            0.350         0.357         1.000
 UF3            0.417         0.426         0.562         1.000
 UF4            0.362         0.374         0.440         0.540         1.000
 UF6            0.399         0.416         0.449         0.529         0.545


           ESTIMATED CORRELATION MATRIX FOR THE LATENT VARIABLES
              UF6
              ________
 UF6            1.000


DIAGRAM INFORMATION

  Use View Diagram under the Diagram menu in the Mplus Editor to view the diagram.
  If running Mplus from the Mplus Diagrammer, the diagram opens automatically.

  Diagram output
    c:\users\franck\dropbox\projets\optimal functioning\pto\mplus\variable_approach\fop_bi-esem_1-1.

     Beginning Time:  19:46:34
        Ending Time:  19:46:45
       Elapsed Time:  00:00:11



MUTHEN & MUTHEN
3463 Stoner Ave.
Los Angeles, CA  90066

Tel: (310) 391-9971
Fax: (310) 391-8971
Web: www.StatModel.com
Support: Support@StatModel.com

Copyright (c) 1998-2012 Muthen & Muthen
